Day3
ZNNvFWHqLNPZHHqPTHHnTGBhrrpjvmwfMmpfpjBjwpmw
input1 = ZNNvFWHqLNPZHHqPTHHnTG
input2 = BhrrpjvmwfMmpfpjBjwpmw
[ 'v' ]
input =v
priorityScore=22
sbdzQgzgssgbglRtmjlwhjBlfrSrMt
input1 = sbdzQgzgssgbglR
input2 = tmjlwhjBlfrSrMt
[ 'l', 'l' ]
input =l
priorityScore=12
zgsCRzJbsdRVQCDbcgLGWWLnZNGVLLZMNZnq
input1 = zgsCRzJbsdRVQCDbcg
input2 = LGWWLnZNGVLLZMNZnq
[ 'V' ]
input =V
priorityScore=48
tvHhRtZGMvMHvfsrBBCTRbwbccRc
input1 = tvHhRtZGMvMHvf
input2 = srBBCTRbwbccRc
[ 'R', 'R' ]
input =R
priorityScore=44
qznnlpzzDppWlDpQpCrcrwnBNwTZnBTZrn
input1 = qznnlpzzDppWlDpQp
input2 = CrcrwnBNwTZnBTZrn
[ 'n', 'n', 'n', 'n', 'n', 'n' ]
input =n
priorityScore=14
PdVZJJqVZdllDPFtMjMgLjGMHvSgMF
input1 = PdVZJJqVZdllDPF
input2 = tMjMgLjGMHvSgMF
[ 'F' ]
input =F
priorityScore=32
csbhhVDDvzlVDcbccGGvfRjDHCjNLRHRCLfmnZfR
input1 = csbhhVDDvzlVDcbccGGv
input2 = fRjDHCjNLRHRCLfmnZfR
[ 'D', 'D', 'D' ]
input =D
priorityScore=30
dFrStSTTmrrrHVfV
input1 = dFrStSTT
input2 = mrrrHVfV
[ 'r', 'r', 'r' ]
input =r
priorityScore=18
MMgQMMTMVTdgWtwTPwSgWSgGbbppJzlplvhBlPbzhlhbzG
input1 = MMgQMMTMVTdgWtwTPwSgWSg
input2 = GbbppJzlplvhBlPbzhlhbzG
[ 'P' ]
input =P
priorityScore=42
FDJSTtSGhpPFDmFTZDpTFPmCBBrHqsCBhgBlqqrqrlRrHH
input1 = FDJSTtSGhpPFDmFTZDpTFPm
input2 = CBBrHqsCBhgBlqqrqrlRrHH
[ 'h' ]
input =h
priorityScore=8
dQwMtfdzVwWfwctwnfnQCHllzRrsNzrrgNlCgqsr
input1 = dQwMtfdzVwWfwctwnfnQ
input2 = CHllzRrsNzrrgNlCgqsr
[ 'z', 'z' ]
input =z
priorityScore=26
fLfQnVjfwQfMdfvfnVvWDvtJPFGDpvZGbZpmbSPP
input1 = fLfQnVjfwQfMdfvfnVvW
input2 = DvtJPFGDpvZGbZpmbSPP
[ 'v', 'v', 'v', 'v' ]
input =v
priorityScore=22
TzzCrJcDrTDdLDCJDvGNPCFqlZWlvNvWpq
input1 = TzzCrJcDrTDdLDCJD
input2 = vGNPCFqlZWlvNvWpq
[ 'C', 'C' ]
input =C
priorityScore=29
RRHfjsQBFsjgjBQsWqGpNvZQqQlPPQPN
input1 = RRHfjsQBFsjgjBQs
input2 = WqGpNvZQqQlPPQPN
[ 'Q', 'Q', 'Q', 'Q', 'Q', 'Q' ]
input =Q
priorityScore=43
VnHBnRVssnnjsSfBwbMSrrbTwJTcwSDF
input1 = VnHBnRVssnnjsSfB
input2 = wbMSrrbTwJTcwSDF
[ 'S', 'S' ]
input =S
priorityScore=45
HJCgHCCFFFVGJWTlbqDdlqTDDpgl
input1 = HJCgHCCFFFVGJW
input2 = TlbqDdlqTDDpgl
[ 'g' ]
input =g
priorityScore=7
cZccSmLrfZcrmmzSQftdpDtTHdbQTDMQ
input1 = cZccSmLrfZcrmmzS
input2 = QftdpDtTHdbQTDMQ
[ 'f' ]
input =f
priorityScore=6
NZZccrrBwZRPNNzmcLSSjJhGhVWCnsFnHBjGChsJ
input1 = NZZccrrBwZRPNNzmcLSS
input2 = jJhGhVWCnsFnHBjGChsJ
[ 'B' ]
input =B
priorityScore=28
qwwwJHTHqdFDtZBFPfFBZFzM
input1 = qwwwJHTHqdFD
input2 = tZBFPfFBZFzM
[ 'F', 'F', 'F' ]
input =F
priorityScore=32
gVRcLnnWVgggnnnQgVWWNZtZrBfLBzZzBrMPPrZvPv
input1 = gVRcLnnWVgggnnnQgVWWN
input2 = ZtZrBfLBzZzBrMPPrZvPv
[ 'L' ]
input =L
priorityScore=38
GQgQSVRtsVnNRGSCdpmwspmbmDpHmhwd
input1 = GQgQSVRtsVnNRGSC
input2 = dpmwspmbmDpHmhwd
[ 's' ]
input =s
priorityScore=19
bhNgNfgwpbLMhCZMGQBmDm
input1 = bhNgNfgwpbL
input2 = MhCZMGQBmDm
[ 'h' ]
input =h
priorityScore=8
FrcHrSllcqcFFMGLBDQlMDTGlT
input1 = FrcHrSllcqcFF
input2 = MGLBDQlMDTGlT
[ 'l', 'l', 'l', 'l' ]
input =l
priorityScore=12
FVSddRSJRjLwbjJPJw
input1 = FVSddRSJR
input2 = jLwbjJPJw
[ 'J', 'J' ]
input =J
priorityScore=36
wzhhrTwwTrSsdHQjjSHnBjQj
input1 = wzhhrTwwTrSs
input2 = dHQjjSHnBjQj
[ 'S' ]
input =S
priorityScore=45
gRDCmVgRgMvtMfVMRBBBhWCHQQHGJHZJQZ
input1 = gRDCmVgRgMvtMfVMR
input2 = BBBhWCHQQHGJHZJQZ
[ 'C' ]
input =C
priorityScore=29
NtgVgttVbMNmvsNlpcrLhLTNPw
input1 = NtgVgttVbMNmv
input2 = sNlpcrLhLTNPw
[ 'N', 'N', 'N', 'N' ]
input =N
priorityScore=40
MCgjsfnscgjjgnGgJHHqHDgdHbGr
input1 = MCgjsfnscgjjgn
input2 = GgJHHqHDgdHbGr
[ 'g', 'g', 'g', 'g', 'g', 'g' ]
input =g
priorityScore=7
QSSmRFPpRtPFQLQRmPzvBzzzDWqrqWWHJGGNrJJbdtVWHJDV
input1 = QSSmRFPpRtPFQLQRmPzvBzzz
input2 = DWqrqWWHJGGNrJJbdtVWHJDV
[ 't' ]
input =t
priorityScore=20
BdSFdLQzRFlSLmQplffwncfscChhcsMj
input1 = BdSFdLQzRFlSLmQp
input2 = lffwncfscChhcsMj
[ 'l' ]
input =l
priorityScore=12
GfVmfnmJVnNVFhnhGmbmhpHvqjrzHZBjfvrtBHHZrwBt
input1 = GfVmfnmJVnNVFhnhGmbmhp
input2 = HvqjrzHZBjfvrtBHHZrwBt
[ 'f', 'f' ]
input =f
priorityScore=6
ddWQldlMdWMlQsLWTLQgMNwBrvjrZjNrwzZjswHqrv
input1 = ddWQldlMdWMlQsLWTLQgM
input2 = NwBrvjrZjNrwzZjswHqrv
[ 's' ]
input =s
priorityScore=19
QQdTRcgTRPDlMQlQPQdhcNNnbJmbGpVnGchFmm
input1 = QQdTRcgTRPDlMQlQPQd
input2 = hcNNnbJmbGpVnGchFmm
[ 'c', 'c' ]
input =c
priorityScore=3
CjjZCCZfvWZRHHhRtwhvPN
input1 = CjjZCCZfvWZ
input2 = RHHhRtwhvPN
[ 'v' ]
input =v
priorityScore=22
mrnqlqMqBlSSLnBTLBwmHPPWhPPHtFRPWzwt
input1 = mrnqlqMqBlSSLnBTLB
input2 = wmHPPWhPPHtFRPWzwt
[ 'm' ]
input =m
priorityScore=13
rBVTrrMMSMLQBrndGcddWQbbdZfCZJ
input1 = rBVTrrMMSMLQBrn
input2 = dGcddWQbbdZfCZJ
[ 'Q' ]
input =Q
priorityScore=43
LFtdjHjLjLqHqstLTjFLFqNMnMhhZdDDNMVbWdDDbhnZ
input1 = LFtdjHjLjLqHqstLTjFLFq
input2 = NMnMhhZdDDNMVbWdDDbhnZ
[ 'd', 'd' ]
input =d
priorityScore=4
CrBpBGnzrzmczcllrphCZZWJMDWRbbZNMDMR
input1 = CrBpBGnzrzmczcllrp
input2 = hCZZWJMDWRbbZNMDMR
[ 'C' ]
input =C
priorityScore=29
GwgvzpzvrcmBrnfHjTgqTsgHjF
input1 = GwgvzpzvrcmBr
input2 = nfHjTgqTsgHjF
[ 'g', 'g' ]
input =g
priorityScore=7
rMPPZcplCZlZPwtSwhtBwCQQzB
input1 = rMPPZcplCZlZP
input2 = wtSwhtBwCQQzB
[ 'C' ]
input =C
priorityScore=29
FvDGffLqqmQFwmmhzt
input1 = FvDGffLqq
input2 = mQFwmmhzt
[ 'F' ]
input =F
priorityScore=32
TjJjJfHHVDVnHVgZZlQppcVscP
input1 = TjJjJfHHVDVnH
input2 = VgZZlQppcVscP
[ 'V', 'V', 'V', 'V' ]
input =V
priorityScore=48
hVcqHwhgwwwjHjjGWbvrbBGrsWVWGn
input1 = hVcqHwhgwwwjHjj
input2 = GWbvrbBGrsWVWGn
[ 'V' ]
input =V
priorityScore=48
CttPRpMmPDTWbWltlLBnGl
input1 = CttPRpMmPDT
input2 = WbWltlLBnGl
[ 't', 't' ]
input =t
priorityScore=20
pZmDFMmPMfnZwqqwfcqJdHgz
input1 = pZmDFMmPMfnZ
input2 = wqqwfcqJdHgz
[ 'f' ]
input =f
priorityScore=6
bSJWhWJCbGGWJPStWTgRQwzDjgQQjsDW
input1 = bSJWhWJCbGGWJPSt
input2 = WTgRQwzDjgQQjsDW
[ 'W', 'W', 'W', 'W', 'W', 'W' ]
input =W
priorityScore=49
nFBBVQVrVBrNFMFZVpBBZFZrDgdTldgsRsslsljsRzTRjzns
input1 = nFBBVQVrVBrNFMFZVpBBZFZr
input2 = DgdTldgsRsslsljsRzTRjzns
[ 'n' ]
input =n
priorityScore=14
rMcZcHcBQPvbbHGP
input1 = rMcZcHcB
input2 = QPvbbHGP
[ 'H' ]
input =H
priorityScore=34
mSfmwqfmzrfHwFfmrwvPHqPmMFRlMDDZBCVVRCVZVlZpMRRR
input1 = mSfmwqfmzrfHwFfmrwvPHqPm
input2 = MFRlMDDZBCVVRCVZVlZpMRRR
[ 'F' ]
input =F
priorityScore=32
TWjdTWhTsssLTGsJNWhTQddjRMDMtNNBSCDBllMMBVtDMVRZ
input1 = TWjdTWhTsssLTGsJNWhTQddj
input2 = RMDMtNNBSCDBllMMBVtDMVRZ
[ 'N', 'N' ]
input =N
priorityScore=40
QhWTQcdhjThsdGbTLGjWHmffnmHwnwHrwqmmfcwS
input1 = QhWTQcdhjThsdGbTLGjW
input2 = HmffnmHwnwHrwqmmfcwS
[ 'c' ]
input =c
priorityScore=3
LmrsMQnnpfmMLllvTvqvFFzvFHNN
input1 = LmrsMQnnpfmMLl
input2 = lvTvqvFFzvFHNN
[ 'l' ]
input =l
priorityScore=12
WGRFVWdwZWZvCbJzcvJNzw
input1 = WGRFVWdwZWZ
input2 = vCbJzcvJNzw
[ 'w' ]
input =w
priorityScore=23
VjGhDtWGSFRGjVVSFdjjDPBfspPnnMBLPLrrpMMm
input1 = VjGhDtWGSFRGjVVSFdjj
input2 = DPBfspPnnMBLPLrrpMMm
[ 'D' ]
input =D
priorityScore=30
qqqCCJjtqtqCtqLZspHWBdSrWWSzzbzHFWBldb
input1 = qqqCCJjtqtqCtqLZspH
input2 = WBdSrWWSzzbzHFWBldb
[ 'H' ]
input =H
priorityScore=34
GhwwcwPFVDcNFRRGwwzmlBrBWvllrvSzlrcd
input1 = GhwwcwPFVDcNFRRGww
input2 = zmlBrBWvllrvSzlrcd
[ 'c', 'c' ]
input =c
priorityScore=3
DGGhQNNDhTpZZqqLQFQQ
input1 = DGGhQNNDhT
input2 = pZZqqLQFQQ
[ 'Q', 'Q', 'Q' ]
input =Q
priorityScore=43
QfZmgQQZCCMLfNrgprdNvvdrTg
input1 = QfZmgQQZCCMLf
input2 = NrgprdNvvdrTg
[ 'g', 'g' ]
input =g
priorityScore=7
hhttsBmBDcFRBlJshJcRrnjnTvNqpddNNqvndp
input1 = hhttsBmBDcFRBlJshJc
input2 = RrnjnTvNqpddNNqvndp
[ 'R' ]
input =R
priorityScore=44
JtsGJGtGGJJJHDbctllhZHmMwMQSPVPzHSLMPZmV
input1 = JtsGJGtGGJJJHDbctllh
input2 = ZHmMwMQSPVPzHSLMPZmV
[ 'H', 'H' ]
input =H
priorityScore=34
DScSjZcNBZqjDDcLLfFtPfCfjfPvfv
input1 = DScSjZcNBZqjDDc
input2 = LLfFtPfCfjfPvfv
[ 'j', 'j' ]
input =j
priorityScore=10
pTmRlWhdMwTLGwCf
input1 = pTmRlWhd
input2 = MwTLGwCf
[ 'T' ]
input =T
priorityScore=46
mRdWCVVglWrCmVHVrVCmdrbSzNcBDBqBZDNHqssscNzqNc
input1 = mRdWCVVglWrCmVHVrVCmdrb
input2 = SzNcBDBqBZDNHqssscNzqNc
[ 'H' ]
input =H
priorityScore=34
sPMHGFMsrPNCPnNS
input1 = sPMHGFMs
input2 = rPNCPnNS
[ 'P', 'P' ]
input =P
priorityScore=42
ffJzllbzpZBllttBtfglgBTbSCVCmmrNFmmbFNvCFLLb
input1 = ffJzllbzpZBllttBtfglgB
input2 = TbSCVCmmrNFmmbFNvCFLLb
[ 'b', 'b', 'b' ]
input =b
priorityScore=2
cpZqpfgZZJtJqJJJfWHWhHdHWHjcdRdFHD
input1 = cpZqpfgZZJtJqJJJf
input2 = WHWhHdHWHjcdRdFHD
[ 'c' ]
input =c
priorityScore=3
ZZPfppvzMrlNBFcvFB
input1 = ZZPfppvzM
input2 = rlNBFcvFB
[ 'v' ]
input =v
priorityScore=22
shJgstJwWLVJwcrFFVFrBVNNqFFB
input1 = shJgstJwWLVJwc
input2 = rFFVFrBVNNqFFB
[ 'V', 'V' ]
input =V
priorityScore=48
HwWJdLHWWLcQgssHwwSQSQtQzCnZZMpZCmdzZCzpPzpCPRCj
input1 = HwWJdLHWWLcQgssHwwSQSQtQ
input2 = zCnZZMpZCmdzZCzpPzpCPRCj
[ 'd' ]
input =d
priorityScore=4
QCpLRbsCCQQLbQzCBQDQBBfTTffWtTctJVRNVtnfwtWV
input1 = QCpLRbsCCQQLbQzCBQDQBB
input2 = fTTffWtTctJVRNVtnfwtWV
[ 'R' ]
input =R
priorityScore=44
GvlqqlGlmMrdsvrhmlcTvwJtwNwTvfJfcWTW
input1 = GvlqqlGlmMrdsvrhml
input2 = cTvwJtwNwTvfJfcWTW
[ 'v', 'v', 'v', 'v' ]
input =v
priorityScore=22
lMhgqGhddjqFFCzBBpbsSQpD
input1 = lMhgqGhddjqF
input2 = FCzBBpbsSQpD
[ 'F' ]
input =F
priorityScore=32
JJwGJwVQQwVSsSMhQMQgHfgfTtrrfVTNgNNfrt
input1 = JJwGJwVQQwVSsSMhQMQ
input2 = gHfgfTtrrfVTNgNNfrt
[ 'V', 'V' ]
input =V
priorityScore=48
dFDWCDdFppvDFmWWWnJTPllHmHlgrqrgggtH
input1 = dFDWCDdFppvDFmWWWn
input2 = JTPllHmHlgrqrgggtH
[ 'm' ]
input =m
priorityScore=13
DzFbWjdRpbdFCjjRbnFbQBGhhQBBJZwMhScwZwJz
input1 = DzFbWjdRpbdFCjjRbnFb
input2 = QBGhhQBBJZwMhScwZwJz
[ 'z' ]
input =z
priorityScore=26
HttvHpHmpJWtHmFNvlvdMSVdPMtLVCCMMMfcfL
input1 = HttvHpHmpJWtHmFNvlv
input2 = dMSVdPMtLVCCMMMfcfL
[ 't', 't', 't' ]
input =t
priorityScore=20
GjgzhGSGSSdCcRMVjMdc
input1 = GjgzhGSGSS
input2 = dCcRMVjMdc
[ 'j' ]
input =j
priorityScore=10
QshbnghgnGDnqsFrNSJFrsNs
input1 = QshbnghgnGDn
input2 = qsFrNSJFrsNs
[ 's', 's', 's' ]
input =s
priorityScore=19
wJpjMwzjzdVbzPPVpbCHnqGnBqnsBrNCwgrC
input1 = wJpjMwzjzdVbzPPVpb
input2 = CHnqGnBqnsBrNCwgrC
[ 'w', 'w' ]
input =w
priorityScore=23
ftTLLDTQtLTGTGtFrgHrvqgQnrvQsCHH
input1 = ftTLLDTQtLTGTGtF
input2 = rgHrvqgQnrvQsCHH
[ 'Q', 'Q' ]
input =Q
priorityScore=43
fTcFFfLSfFFcGFllcFhPJPjWWJSjSWzMWPdS
input1 = fTcFFfLSfFFcGFllcF
input2 = hPJPjWWJSjSWzMWPdS
[ 'S', 'S', 'S' ]
input =S
priorityScore=45
ZjNdmjVQVZmvNNZNNZHWZmWtsJnwTpJJswpWwGqJhJqGpp
input1 = ZjNdmjVQVZmvNNZNNZHWZmW
input2 = tsJnwTpJJswpWwGqJhJqGpp
[ 'W', 'W' ]
input =W
priorityScore=49
FcRRcDblDMLRcRMLFFMDGsJnqhwpqTTJGwnsfnlp
input1 = FcRRcDblDMLRcRMLFFMD
input2 = GsJnqhwpqTTJGwnsfnlp
[ 'l' ]
input =l
priorityScore=12
LRBrcLbbgLFgBbFqDvdHQvCCjNzzzVrZdV
input1 = LRBrcLbbgLFgBbFqD
input2 = vdHQvCCjNzzzVrZdV
[ 'r' ]
input =r
priorityScore=18
BdbLWrgdvgWvVJgWnDfNhVnqhCCpDpcq
input1 = BdbLWrgdvgWvVJgW
input2 = nDfNhVnqhCCpDpcq
[ 'V' ]
input =V
priorityScore=48
tSQPSTSGPMmlMPtQQPJGtGQRCcnqqfnRhCcChDqnCfRScf
input1 = tSQPSTSGPMmlMPtQQPJGtGQ
input2 = RCcnqqfnRhCcChDqnCfRScf
[ 'S', 'S', 'S' ]
input =S
priorityScore=45
jTssPsjMQMmszPjlTtsJdFBFrJzrbJdHZFHdWH
input1 = jTssPsjMQMmszPjlTts
input2 = JdFBFrJzrbJdHZFHdWH
[ 'z' ]
input =z
priorityScore=26
vCccctvvTTtZcgLGcZTbssbMWnpMpmLWqnNjpfPPfPjMPp
input1 = vCccctvvTTtZcgLGcZTbssb
input2 = MWnpMpmLWqnNjpfPPfPjMPp
[ 'L' ]
input =L
priorityScore=38
wwBBlRBBwDDVFRhFlRhdRRVWPnnpMpffmmffrpWqVNPm
input1 = wwBBlRBBwDDVFRhFlRhdRR
input2 = VWPnnpMpffmmffrpWqVNPm
[ 'V', 'V' ]
input =V
priorityScore=48
ddhddRzHlQHFJcGsCztTgbNzST
input1 = ddhddRzHlQHFJ
input2 = cGsCztTgbNzST
[ 'z', 'z' ]
input =z
priorityScore=26
fJctfpVWcnfRLfrRwP
input1 = fJctfpVWc
input2 = nfRLfrRwP
[ 'f', 'f', 'f', 'f' ]
input =f
priorityScore=6
vmmnvDQDZTNTmGGTqTMTvMqwBdLjBvRzBRrRBRLjjBPzBB
input1 = vmmnvDQDZTNTmGGTqTMTvMq
input2 = wBdLjBvRzBRrRBRLjjBPzBB
[ 'v', 'v', 'v' ]
input =v
priorityScore=22
GMnmqSTFFQqttcbcJWgsSt
input1 = GMnmqSTFFQq
input2 = ttcbcJWgsSt
[ 'S' ]
input =S
priorityScore=45
rHNfmfRsmfRGfDNcRmcmMQlLCGSnQwwPPCSnzQlSCl
input1 = rHNfmfRsmfRGfDNcRmcmM
input2 = QlLCGSnQwwPPCSnzQlSCl
[ 'G' ]
input =G
priorityScore=33
bsJTBsVhFsVpqFWFgPCwnQwBZzwQzZLlzn
input1 = bsJTBsVhFsVpqFWFg
input2 = PCwnQwBZzwQzZLlzn
[ 'B' ]
input =B
priorityScore=28
qggTTqvqgqbbTTFqVqgWqvNmmMMRdffftNfMDMmscR
input1 = qggTTqvqgqbbTTFqVqgWq
input2 = vNmmMMRdffftNfMDMmscR
[ 'v' ]
input =v
priorityScore=22
rFWQFszrwjsjFWvshPTCmLZLSTLwSLlgSP
input1 = rFWQFszrwjsjFWvsh
input2 = PTCmLZLSTLwSLlgSP
[ 'w' ]
input =w
priorityScore=23
BQbcqVHNVqVpVpmClJgJJHSmZLJm
input1 = BQbcqVHNVqVpVp
input2 = mClJgJJHSmZLJm
[ 'H' ]
input =H
priorityScore=34
qBNNNVdDMGBpDcDWsvdQsFrFnjttfj
input1 = qBNNNVdDMGBpDcD
input2 = WsvdQsFrFnjttfj
[ 'd' ]
input =d
priorityScore=4
qGhmttmzhtMvhbrLdSHbdSHRzb
input1 = qGhmttmzhtMvh
input2 = brLdSHbdSHRzb
[ 'z' ]
input =z
priorityScore=26
WCBgQJJpjCQlgdHZrfPRPSRbNg
input1 = WCBgQJJpjCQlg
input2 = dHZrfPRPSRbNg
[ 'g', 'g' ]
input =g
priorityScore=7
jBTTDjlnjnJDJTQCVntcwtwMSvqcGFDhcvsh
input1 = jBTTDjlnjnJDJTQCVn
input2 = tcwtwMSvqcGFDhcvsh
[ 'D', 'D' ]
input =D
priorityScore=30
ZTrnTqMWWWnfrddMGJPgPLlPbw
input1 = ZTrnTqMWWWnfr
input2 = ddMGJPgPLlPbw
[ 'M' ]
input =M
priorityScore=39
VvmGRVpBpNNmvNvjVjtpNpCNLLLJHHBdgLPdwsdsbLlwwlwb
input1 = VvmGRVpBpNNmvNvjVjtpNpCN
input2 = LLLJHHBdgLPdwsdsbLlwwlwb
[ 'B' ]
input =B
priorityScore=28
GmCVSCRVGmpCRVvttmpDrQZfhnzhzqnDWnrZZTQq
input1 = GmCVSCRVGmpCRVvttmpD
input2 = rQZfhnzhzqnDWnrZZTQq
[ 'D' ]
input =D
priorityScore=30
DQBZHHtWHzSvZvDQWchgqsqqhrrhhcqrcZ
input1 = DQBZHHtWHzSvZvDQW
input2 = chgqsqqhrrhhcqrcZ
[ 'Z', 'Z' ]
input =Z
priorityScore=52
jdMfwlFfFlTfndwpjjwGnNrqhPTmPSPTPPhmgrPSrh
input1 = jdMfwlFfFlTfndwpjjwGn
input2 = NrqhPTmPSPTPPhmgrPSrh
[ 'T', 'T' ]
input =T
priorityScore=46
jlGbwGMdlnJpGFGjpnFCSJzzDDtWHCBBQBvtVC
input1 = jlGbwGMdlnJpGFGjpnF
input2 = CSJzzDDtWHCBBQBvtVC
[ 'J' ]
input =J
priorityScore=36
RrbBWBRRWSRsBBVvsPHZDwSjjPdnHwtPtH
input1 = RrbBWBRRWSRsBBVvs
input2 = PHZDwSjjPdnHwtPtH
[ 'S' ]
input =S
priorityScore=45
fTgfzMmNJpmJgfllgpjVQtDDndVQpdnHVtPp
input1 = fTgfzMmNJpmJgfllgp
input2 = jVQtDDndVQpdnHVtPp
[ 'p', 'p', 'p', 'p' ]
input =p
priorityScore=16
gGmlNclTGmGFhLVcVrvLqrvc
input1 = gGmlNclTGmGF
input2 = hLVcVrvLqrvc
[ 'c', 'c' ]
input =c
priorityScore=3
QcpCTVCZVcCwLcCVvHvvVsCcNzNNSbPRzsDRDSBlsNNzDRtb
input1 = QcpCTVCZVcCwLcCVvHvvVsCc
input2 = NzNNSbPRzsDRDSBlsNNzDRtb
[ 's', 's' ]
input =s
priorityScore=19
fggMfJqgrWFpmjWMggmrfMWNSbRSPBDbNtJRtPJzlStBbN
input1 = fggMfJqgrWFpmjWMggmrfMW
input2 = NSbRSPBDbNtJRtPJzlStBbN
[ 'J', 'J' ]
input =J
priorityScore=36
gdnmpWGnZvdQCvdv
input1 = gdnmpWGn
input2 = ZvdQCvdv
[ 'd', 'd' ]
input =d
priorityScore=4
tqqcLqqDDqNtDrqHrrPWlTlTWZTMzTFzQlMPSZ
input1 = tqqcLqqDDqNtDrqHrrP
input2 = WlTlTWZTMzTFzQlMPSZ
[ 'P' ]
input =P
priorityScore=42
pfnpmmppmppRGjwbjmnjwspWbQQQTMWZbCTSZCSQlCllZF
input1 = pfnpmmppmppRGjwbjmnjwsp
input2 = WbQQQTMWZbCTSZCSQlCllZF
[ 'b', 'b' ]
input =b
priorityScore=2
gmpVnGmmmpjDvVLBFqqvrH
input1 = gmpVnGmmmpj
input2 = DvVLBFqqvrH
[ 'V' ]
input =V
priorityScore=48
LqBvJHZvbHGBHrBtGGQTmSVprVzhpVPDPQzQ
input1 = LqBvJHZvbHGBHrBtGG
input2 = QTmSVprVzhpVPDPQzQ
[ 'r' ]
input =r
priorityScore=18
CRdRgwCfhTVDzSdQ
input1 = CRdRgwCf
input2 = hTVDzSdQ
[ 'd' ]
input =d
priorityScore=4
fRCcjgSMjfNgMMLGbGZtvBbGHv
input1 = fRCcjgSMjfNgM
input2 = MLGbGZtvBbGHv
[ 'M', 'M' ]
input =M
priorityScore=39
HgvtDDzDpvwgvvqdHPZWdMssTTddSs
input1 = HgvtDDzDpvwgvvq
input2 = dHPZWdMssTTddSs
[ 'H' ]
input =H
priorityScore=34
rJFrGNFVQmNFVmRnWhhsrTbhwhZTrdTd
input1 = rJFrGNFVQmNFVmRn
input2 = WhhsrTbhwhZTrdTd
[ 'r', 'r', 'r', 'r' ]
input =r
priorityScore=18
VQGBBBVNQClpcBvBwD
input1 = VQGBBBVNQ
input2 = ClpcBvBwD
[ 'B', 'B', 'B', 'B', 'B', 'B' ]
input =B
priorityScore=28
PWlSzZGmdmGmlGmhggBpvMjvMjFgPJ
input1 = PWlSzZGmdmGmlGm
input2 = hggBpvMjvMjFgPJ
[ 'P' ]
input =P
priorityScore=42
TtLRDtQQfTVcQQQRtBsJFFccFjWhJJFMBs
input1 = TtLRDtQQfTVcQQQRt
input2 = BsJFFccFjWhJJFMBs
[ 'c', 'c' ]
input =c
priorityScore=3
HqVCNtWHCDwdnlGwGqSr
input1 = HqVCNtWHCD
input2 = wdnlGwGqSr
[ 'q' ]
input =q
priorityScore=17
RwdRJgCJRGGmdMbcGbdnTnTtttLLnptMtMtMqZ
input1 = RwdRJgCJRGGmdMbcGbd
input2 = nTnTtttLLnptMtMtMqZ
[ 'M', 'M', 'M' ]
input =M
priorityScore=39
DWsWPFrPqVPPLVCB
input1 = DWsWPFrP
input2 = qVPPLVCB
[ 'P', 'P', 'P', 'P' ]
input =P
priorityScore=42
zQWWsslsQHFhDSszDSFQzJJJmvcgblRgmNvCJmvNgw
input1 = zQWWsslsQHFhDSszDSFQz
input2 = JJJmvcgblRgmNvCJmvNgw
[ 'l' ]
input =l
priorityScore=12
tpmFrWTtRpRTtggsSlnQpsnnlSHPsn
input1 = tpmFrWTtRpRTtgg
input2 = sSlnQpsnnlSHPsn
[ 'p', 'p' ]
input =p
priorityScore=16
bZwZjNNZGLSrVsGndPPV
input1 = bZwZjNNZGL
input2 = SrVsGndPPV
[ 'G' ]
input =G
priorityScore=33
NvrcjCfbvvLBDBWfWFgRRm
input1 = NvrcjCfbvvL
input2 = BDBWfWFgRRm
[ 'f' ]
input =f
priorityScore=6
WWFMgWmMhhwDcMMMDcmLWLtQwwsjbsQHvZHbRjZfsZzH
input1 = WWFMgWmMhhwDcMMMDcmLWL
input2 = tQwwsjbsQHvZHbRjZfsZzH
[ 'w', 'w' ]
input =w
priorityScore=23
PTCplTCdSJJCpvPGNSvsbsfHtbQZzdHjQtjjsj
input1 = PTCplTCdSJJCpvPGNSv
input2 = sbsfHtbQZzdHjQtjjsj
[ 'd' ]
input =d
priorityScore=4
vNGJPpqJvJvqghgFgWFmLD
input1 = vNGJPpqJvJv
input2 = qghgFgWFmLD
[ 'q' ]
input =q
priorityScore=17
RlRpLTZCjWRjRWwpRsjHjbSbqMqMvvnbnGMnGGqQCq
input1 = RlRpLTZCjWRjRWwpRsjHj
input2 = bSbqMqMvvnbnGMnGGqQCq
[ 'C' ]
input =C
priorityScore=29
gddfDNczmgPthNcDdgPVnbbzbnJrJJGSSVJJQS
input1 = gddfDNczmgPthNcDdgP
input2 = VnbbzbnJrJJGSSVJJQS
[ 'z' ]
input =z
priorityScore=26
BmDmcDmcmhffdBHlRwjRLpwlWQ
input1 = BmDmcDmcmhffd
input2 = BHlRwjRLpwlWQ
[ 'B' ]
input =B
priorityScore=28
prQlfzlWRPzgQWzlMPMRppssHHsDsHjwnHHbWDwwbwjL
input1 = prQlfzlWRPzgQWzlMPMRpp
input2 = ssHHsDsHjwnHHbWDwwbwjL
[ 'W', 'W' ]
input =W
priorityScore=49
vFBJJtZNShJvZFtdSqtmqjTDVHVGDHbwVHDVsDnThH
input1 = vFBJJtZNShJvZFtdSqtmq
input2 = jTDVHVGDHbwVHDVsDnThH
[ 'h' ]
input =h
priorityScore=8
vcjBZZdZqvCfpzRfcgRp
input1 = vcjBZZdZqv
input2 = CfpzRfcgRp
[ 'c' ]
input =c
priorityScore=3
cggpqgRlSpNsgNggbjjj
input1 = cggpqgRlSp
input2 = NsgNggbjjj
[
  'g', 'g', 'g',
  'g', 'g', 'g',
  'g', 'g', 'g'
]
input =g
priorityScore=7
ZZSSJVLVLFDZWNGjCWWbCjsF
input1 = ZZSSJVLVLFDZ
input2 = WNGjCWWbCjsF
[ 'F' ]
input =F
priorityScore=32
vZLvfZQQfQtJVJDQShLrLfMmnldmwqwTqqMcMTMTndrm
input1 = vZLvfZQQfQtJVJDQShLrLf
input2 = MmnldmwqwTqqMcMTMTndrm
[ 'r' ]
input =r
priorityScore=18
bQBMtBPddtMFbJFhRGzMfzvnRGRSvWnW
input1 = bQBMtBPddtMFbJFh
input2 = RGzMfzvnRGRSvWnW
[ 'M', 'M' ]
input =M
priorityScore=39
TmHTqlVHwVpQqjmwGvSgSpnLpzfWGWSn
input1 = TmHTqlVHwVpQqjmw
input2 = GvSgSpnLpzfWGWSn
[ 'p', 'p' ]
input =p
priorityScore=16
TTrDQCDrrTmDCCCVHHQZBdZFPdsNdFBtFDhtFB
input1 = TTrDQCDrrTmDCCCVHHQ
input2 = ZBdZFPdsNdFBtFDhtFB
[ 'D', 'D', 'D' ]
input =D
priorityScore=30
fjpQvNZcGhGGTtQS
input1 = fjpQvNZc
input2 = GhGGTtQS
[ 'Q' ]
input =Q
priorityScore=43
DVJzvbVmHbbtSTSTRStzTM
input1 = DVJzvbVmHbb
input2 = tSTSTRStzTM
[ 'z' ]
input =z
priorityScore=26
VDvmqllmJfjWlnplNs
input1 = VDvmqllmJ
input2 = fjWlnplNs
[ 'l', 'l', 'l', 'l' ]
input =l
priorityScore=12
ZmdHZJjvQLdRjpmLJrqqZBhhtCschPfBPcrDfPffCD
input1 = ZmdHZJjvQLdRjpmLJrqqZ
input2 = BhhtCschPfBPcrDfPffCD
[ 'r' ]
input =r
priorityScore=18
MWWSMMwnwlSgzWFFgSwzVwzqcfDCfChCbbtssbfDChcD
input1 = MWWSMMwnwlSgzWFFgSwzVw
input2 = zqcfDCfChCbbtssbfDChcD
[ 'z', 'z' ]
input =z
priorityScore=26
NMqFTwGqMwgwwgjHRdHRjdmQmQTm
input1 = NMqFTwGqMwgwwg
input2 = jHRdHRjdmQmQTm
[ 'T' ]
input =T
priorityScore=46
TTqWPCWRhTWqPNjPJMNtrlbJFttQwwrBrlbwlc
input1 = TTqWPCWRhTWqPNjPJMN
input2 = trlbJFttQwwrBrlbwlc
[ 'J' ]
input =J
priorityScore=36
GfpSDGZvpQffSHDgggDZrHctFmrHncnnwwbBtBrt
input1 = GfpSDGZvpQffSHDgggDZ
input2 = rHctFmrHncnnwwbBtBrt
[ 'H', 'H' ]
input =H
priorityScore=34
SQGfLsSLZsqMTRNMPT
input1 = SQGfLsSLZ
input2 = sqMTRNMPT
[ 's' ]
input =s
priorityScore=19
HdBdnBZJTZBBmsfwwBlh
input1 = HdBdnBZJTZ
input2 = BBmsfwwBlh
[ 'B', 'B', 'B', 'B', 'B', 'B' ]
input =B
priorityScore=28
MjCVjzwqWrfzplzW
input1 = MjCVjzwq
input2 = WrfzplzW
[ 'z', 'z' ]
input =z
priorityScore=26
vVbqCjjRgjwMbnbGHJScScZHLL
input1 = vVbqCjjRgjwMb
input2 = nbGHJScScZHLL
[ 'b', 'b' ]
input =b
priorityScore=2
dwwwtCdznvDDFrMrrw
input1 = dwwwtCdzn
input2 = vDDFrMrrw
[ 'w', 'w', 'w' ]
input =w
priorityScore=23
GmWLQmgQmHgcdGcsTgTDqDbSfFWfMDMfbSNqvr
input1 = GmWLQmgQmHgcdGcsTgT
input2 = DqDbSfFWfMDMfbSNqvr
[ 'W' ]
input =W
priorityScore=49
QhTLmVQHLmdLTjGGVptRnZpZBZVRpPpP
input1 = QhTLmVQHLmdLTjGG
input2 = VptRnZpZBZVRpPpP
[ 'V', 'V' ]
input =V
priorityScore=48
CzjFpzRHdtBFBCqNqSbJZWcQJTSbQjMTWZ
input1 = CzjFpzRHdtBFBCqNq
input2 = SbJZWcQJTSbQjMTWZ
[ 'j' ]
input =j
priorityScore=10
wGwVLlGrdVGwDnwsgfMSZvJMbWJcWlvbbMSc
input1 = wGwVLlGrdVGwDnwsgf
input2 = MSZvJMbWJcWlvbbMSc
[ 'l' ]
input =l
priorityScore=12
rDfsgggrGnGngsPwdVLfDnmDtzzFNCPHtzCtFHpBRqhPztzR
input1 = rDfsgggrGnGngsPwdVLfDnmD
input2 = tzzFNCPHtzCtFHpBRqhPztzR
[ 'P', 'P' ]
input =P
priorityScore=42
mrgWzBcDtVCcQcCCdscf
input1 = mrgWzBcDtV
input2 = CcQcCCdscf
[ 'c', 'c', 'c' ]
input =c
priorityScore=3
LRJhjRjPZvqSRGhGjLgMCdHpMNwQCpMHpHMS
input1 = LRJhjRjPZvqSRGhGjL
input2 = gMCdHpMNwQCpMHpHMS
[ 'S' ]
input =S
priorityScore=45
GRvGJRJjqPZbvGGhRjnqLJWtgFgtzTzDrFnTWrlTlllW
input1 = GRvGJRJjqPZbvGGhRjnqLJ
input2 = WtgFgtzTzDrFnTWrlTlllW
[ 'n' ]
input =n
priorityScore=14
cbmcddlffvbTfvFflpZzsMVNznNVlnqnzqHMNM
input1 = cbmcddlffvbTfvFflpZ
input2 = zsMVNznNVlnqnzqHMNM
[ 'l', 'l' ]
input =l
priorityScore=12
StWJBQRWLRWNPNMCswRVHC
input1 = StWJBQRWLRW
input2 = NPNMCswRVHC
[ 'R', 'R' ]
input =R
priorityScore=44
BJQBhSWhjSthJQGGWWggJDDDfbdbbfHbddbrFrddvFvv
input1 = BJQBhSWhjSthJQGGWWggJD
input2 = DDfbdbbfHbddbrFrddvFvv
[ 'D', 'D' ]
input =D
priorityScore=30
jFqvqvWZWDtBJrrlrq
input1 = jFqvqvWZW
input2 = DtBJrrlrq
[ 'q', 'q' ]
input =q
priorityScore=17
TzGcbHcrmVzMGNSmTcGDtBthJCNtsJDlBCghgP
input1 = TzGcbHcrmVzMGNSmTcG
input2 = DtBthJCNtsJDlBCghgP
[ 'N' ]
input =N
priorityScore=40
bTrnTccnLSrrTHbnwfLjfdvRRwZFdwfR
input1 = bTrnTccnLSrrTHbn
input2 = wfLjfdvRRwZFdwfR
[ 'L' ]
input =L
priorityScore=38
drHVrdVDfsDbVsdVDbVqRwbZZwCRCCCJlJThwRgT
input1 = drHVrdVDfsDbVsdVDbVq
input2 = RwbZZwCRCCCJlJThwRgT
[ 'b', 'b' ]
input =b
priorityScore=2
jFPcFpBSvtNPzSFcjcQpcQjpThZCRltGRRRJhwCwGhwgwhRm
input1 = jFPcFpBSvtNPzSFcjcQpcQjp
input2 = ThZCRltGRRRJhwCwGhwgwhRm
[ 't' ]
input =t
priorityScore=20
SQSzPBjjPPSvLqqssdnqLZLMsM
input1 = SQSzPBjjPPSvL
input2 = qqssdnqLZLMsM
[ 'L', 'L' ]
input =L
priorityScore=38
bQTWlWlvQclNwwWlCCLStCRSSjStpj
input1 = bQTWlWlvQclNwwW
input2 = lCCLStCRSSjStpj
[ 'l', 'l', 'l' ]
input =l
priorityScore=12
zVZZDdBnBmgzVsjsLthSpshdCL
input1 = zVZZDdBnBmgzV
input2 = sjsLthSpshdCL
[ 'd' ]
input =d
priorityScore=4
DfBnrmBmgzHBfDHmnGrNFCwQvTPvqCTwqTFGbF
input1 = DfBnrmBmgzHBfDHmnGr
input2 = NFCwQvTPvqCTwqTFGbF
[ 'G' ]
input =G
priorityScore=33
srSWJnrbmlWlbhzsWszSvPGwvgDhcjdjjfvhjvGv
input1 = srSWJnrbmlWlbhzsWszS
input2 = vPGwvgDhcjdjjfvhjvGv
[ 'h', 'h' ]
input =h
priorityScore=8
BRRQFLtNfQNMpqpQHDjdDjDcZZcvwZZHPH
input1 = BRRQFLtNfQNMpqpQH
input2 = DjdDjDcZZcvwZZHPH
[ 'H', 'H' ]
input =H
priorityScore=34
NLCNCtRQfRttRFRCTqMBqQQrzrbzrlJmVVbsSWmVrTbSzJ
input1 = NLCNCtRQfRttRFRCTqMBqQQ
input2 = rzrbzrlJmVVbsSWmVrTbSzJ
[ 'T' ]
input =T
priorityScore=46
RHLfLcSRTFSghLRHGbwZmMZddgJswZsbMm
input1 = RHLfLcSRTFSghLRHG
input2 = bwZmMZddgJswZsbMm
[ 'g' ]
input =g
priorityScore=7
ptqjtCzzQztqCjDlBGpDpbMZdwmMbZsdwNmdJpbs
input1 = ptqjtCzzQztqCjDlBGpD
input2 = pbMZdwmMbZsdwNmdJpbs
[ 'p', 'p', 'p', 'p' ]
input =p
priorityScore=16
tttzCVllDCtDQnQBVHGHWvWTLWcLSLHf
input1 = tttzCVllDCtDQnQB
input2 = VHGHWvWTLWcLSLHf
[ 'V' ]
input =V
priorityScore=48
FVlNnPqbGTHftghggJqf
input1 = FVlNnPqbGT
input2 = HftghggJqf
[ 'q' ]
input =q
priorityScore=17
zLcZWZpWWrcrZLLZDWrwMcrhBFBttChBmBgptChhtFftmf
input1 = zLcZWZpWWrcrZLLZDWrwMcr
input2 = hBFBttChBmBgptChhtFftmf
[ 'p' ]
input =p
priorityScore=16
LZZLrDrrDDMrcwrDwsWFzdTlnGQPQQVbdbnsvnvsVQ
input1 = LZZLrDrrDDMrcwrDwsWFz
input2 = dTlnGQPQQVbdbnsvnvsVQ
[ 's', 's' ]
input =s
priorityScore=19
BbPNMJNbQvDbvPLwHflczlwwzf
input1 = BbPNMJNbQvDbv
input2 = PLwHflczlwwzf
[ 'P' ]
input =P
priorityScore=42
pZjWZGZjFGdgpnVgZhghdmcflrlswzzcstlrLwhtwc
input1 = pZjWZGZjFGdgpnVgZhghd
input2 = mcflrlswzzcstlrLwhtwc
[ 'h', 'h' ]
input =h
priorityScore=8
WZSdqFjqSqSWdGFjZpdMTTDNTvLCRRLLqRQMCN
input1 = WZSdqFjqSqSWdGFjZpd
input2 = MTTDNTvLCRRLLqRQMCN
[ 'q', 'q', 'q' ]
input =q
priorityScore=17
FqgFGtbgTvRwrLqhvw
input1 = FqgFGtbgT
input2 = vRwrLqhvw
[ 'q' ]
input =q
priorityScore=17
JCCWJWCdJMQNNsSWsMPQRDDLDSDLwTrrvnwfDvnD
input1 = JCCWJWCdJMQNNsSWsMPQ
input2 = RDDLDSDLwTrrvnwfDvnD
[ 'S' ]
input =S
priorityScore=45
HdPJlBBHCCQdBMWdTtVbgHczGVGjmtzG
input1 = HdPJlBBHCCQdBMWd
input2 = TtVbgHczGVGjmtzG
[ 'H', 'H' ]
input =H
priorityScore=34
PLlZDLZDsFCvbDQv
input1 = PLlZDLZD
input2 = sFCvbDQv
[ 'D', 'D' ]
input =D
priorityScore=30
HVcTmVmJqVzqczfzbjvvCFMRfCsWjMvR
input1 = HVcTmVmJqVzqczfz
input2 = bjvvCFMRfCsWjMvR
[ 'f' ]
input =f
priorityScore=6
cqHzTqJTTTTzzmnmrctrBlLlvSlgLdZvSwSlpw
input1 = cqHzTqJTTTTzzmnmrct
input2 = rBlLlvSlgLdZvSwSlpw
[ 'r' ]
input =r
priorityScore=18
SbMMNJjmgMnJdSSbjVFZVSQrlQfWVQVWZh
input1 = SbMMNJjmgMnJdSSbj
input2 = VFZVSQrlQfWVQVWZh
[ 'S', 'S', 'S' ]
input =S
priorityScore=45
PtqDqPGcLHzHpqLcRzRsfQFfZlfRfZfRFVsl
input1 = PtqDqPGcLHzHpqLcRz
input2 = RsfQFfZlfRfZfRFVsl
[ 'R', 'R', 'R' ]
input =R
priorityScore=44
cTDLcqGCzDTqzzDLDzqPTtJvbBJMnmvjbdlmJNvmdgNC
input1 = cTDLcqGCzDTqzzDLDzqPTt
input2 = JvbBJMnmvjbdlmJNvmdgNC
[ 'C' ]
input =C
priorityScore=29
tDJDlZVqJGbvHNQbNFFsFPmLns
input1 = tDJDlZVqJGbvH
input2 = NQbNFFsFPmLns
[ 'b' ]
input =b
priorityScore=2
ppczpzpffGwfBNLGmn
input1 = ppczpzpff
input2 = GwfBNLGmn
[ 'f', 'f' ]
input =f
priorityScore=6
WShzgTTpWzhWztJJGJSvtvvtjq
input1 = WShzgTTpWzhWz
input2 = tJJGJSvtvvtjq
[ 'S' ]
input =S
priorityScore=45
TbZFTFScnCZFQRTCqQdBjdJqjBqjjQDB
input1 = TbZFTFScnCZFQRTC
input2 = qQdBjdJqjBqjjQDB
[ 'Q', 'Q' ]
input =Q
priorityScore=43
rmmLpLLfzrlmslMBHvdRddNDDJDrqD
input1 = rmmLpLLfzrlmslM
input2 = BHvdRddNDDJDrqD
[ 'r', 'r' ]
input =r
priorityScore=18
MWwLPzmWfpsMmmlMPMWLwRTZTZnnTcVCcZFCwSnZ
input1 = MWwLPzmWfpsMmmlMPMWL
input2 = wRTZTZnnTcVCcZFCwSnZ
[ 'w', 'w' ]
input =w
priorityScore=23
SqmClqHssNWCqPTcWcGhBTchVV
input1 = SqmClqHssNWCq
input2 = PTcWcGhBTchVV
[ 'W' ]
input =W
priorityScore=49
ZnnnDflRpBVTTVhPBZ
input1 = ZnnnDflRp
input2 = BVTTVhPBZ
[ 'Z' ]
input =Z
priorityScore=52
DpgfvnvMfCsqlMtSll
input1 = DpgfvnvMf
input2 = CsqlMtSll
[ 'M' ]
input =M
priorityScore=39
ZzLMRZpLMwwppZqnQGvQgBSvlNVlBFFNFVrg
input1 = ZzLMRZpLMwwppZqnQG
input2 = vQgBSvlNVlBFFNFVrg
[ 'Q' ]
input =Q
priorityScore=43
HcqhTmhmdDTPFTJgTTFBSgJN
input1 = HcqhTmhmdDTP
input2 = FTJgTTFBSgJN
[ 'T', 'T', 'T', 'T', 'T', 'T' ]
input =T
priorityScore=46
mccPdDDHbssbtwZMqpbzCRGM
input1 = mccPdDDHbssb
input2 = twZMqpbzCRGM
[ 'b', 'b' ]
input =b
priorityScore=2
TgqnTltgWqLRSRnlqddngFfrvHvrBTfCCFrFVTvVCf
input1 = TgqnTltgWqLRSRnlqddng
input2 = FfrvHvrBTfCCFrFVTvVCf
[ 'T', 'T', 'T', 'T' ]
input =T
priorityScore=46
cwNJmPzQwNzczzNsJGhhHfhrfvVHGvtvVVfC
input1 = cwNJmPzQwNzczzNsJG
input2 = hhHfhrfvVHGvtvVVfC
[ 'G' ]
input =G
priorityScore=33
jjtbtDswcmPWlbgRnRdMZL
input1 = jjtbtDswcmP
input2 = WlbgRnRdMZL
[ 'b' ]
input =b
priorityScore=2
TmpTBBwvspTptRmsmTGLQDGRHGgVGLSQSMHQ
input1 = TmpTBBwvspTptRmsmT
input2 = GLQDGRHGgVGLSQSMHQ
[ 'R' ]
input =R
priorityScore=44
ZlPWqjWrzjPqdrlzbrbrwfrWLHVMLnHDMVDQnLQfQfVngQLS
input1 = ZlPWqjWrzjPqdrlzbrbrwfrW
input2 = LHVMLnHDMVDQnLQfQfVngQLS
[ 'f', 'f' ]
input =f
priorityScore=6
zNwbrrFWbFJpmpmvvt
input1 = zNwbrrFWb
input2 = FJpmpmvvt
[ 'F' ]
input =F
priorityScore=32
RMQQMwHMMzcFsWsDrWfcpJpS
input1 = RMQQMwHMMzcF
input2 = sWsDrWfcpJpS
[ 'c' ]
input =c
priorityScore=3
LLhZmGVLhVlTZfWWfWpCrDsGSp
input1 = LLhZmGVLhVlTZ
input2 = fWWfWpCrDsGSp
[ 'G' ]
input =G
priorityScore=33
VLVTnqjjZngtQRFjvzDM
input1 = VLVTnqjjZn
input2 = gtQRFjvzDM
[ 'j', 'j' ]
input =j
priorityScore=10
gmRBpjrpRvCfRCrBgvjHShnbnngbgSJnNsHMHS
input1 = gmRBpjrpRvCfRCrBgvj
input2 = HShnbnngbgSJnNsHMHS
[ 'g', 'g', 'g', 'g' ]
input =g
priorityScore=7
ZDPTwGWtqwHhSnbcMNJw
input1 = ZDPTwGWtqw
input2 = HhSnbcMNJw
[ 'w', 'w' ]
input =w
priorityScore=23
DWGGqtVVqldWZzMzWmvjrjprLRFjRVvvff
input1 = DWGGqtVVqldWZzMzW
input2 = mvjrjprLRFjRVvvff
[ 'V', 'V' ]
input =V
priorityScore=48
tCzVzsVtDFzssnSsgdqJdCNqJhmgmpqq
input1 = tCzVzsVtDFzssnSs
input2 = gdqJdCNqJhmgmpqq
[ 'C' ]
input =C
priorityScore=29
PZccPGvQfRLMQwNdhpwhNh
input1 = PZccPGvQfRL
input2 = MQwNdhpwhNh
[ 'Q' ]
input =Q
priorityScore=43
jLrcbRjPZBrcPdjRHFlWnVtBFslSWznW
input1 = jLrcbRjPZBrcPdjR
input2 = HFlWnVtBFslSWznW
[ 'B' ]
input =B
priorityScore=28
vvvbJbWrLvFWHzZzZRhB
input1 = vvvbJbWrLv
input2 = FWHzZzZRhB
[ 'W' ]
input =W
priorityScore=49
chtwTmCNlRRZzRPT
input1 = chtwTmCN
input2 = lRRZzRPT
[ 'T' ]
input =T
priorityScore=46
hmcCssCswrMDGMSrsr
input1 = hmcCssCsw
input2 = rMDGMSrsr
[ 's', 's', 's' ]
input =s
priorityScore=19
LStGBsQLlllhzMzs
input1 = LStGBsQL
input2 = lllhzMzs
[ 's' ]
input =s
priorityScore=19
dzVZDNWRDdZNDTZTPvWVhhphpMlfMccRmfnlMlRn
input1 = dzVZDNWRDdZNDTZTPvWV
input2 = hhphpMlfMccRmfnlMlRn
[ 'R', 'R' ]
input =R
priorityScore=44
VFvgTrNPdFWNNFNFTzTFFSjSQBCqrtQwSBGLLBGwGL
input1 = VFvgTrNPdFWNNFNFTzTFF
input2 = SjSQBCqrtQwSBGLLBGwGL
[ 'r' ]
input =r
priorityScore=18
qGJSJhWStdSfWvSvtGRRnzRDDggrgvnzsmRP
input1 = qGJSJhWStdSfWvSvtG
input2 = RRnzRDDggrgvnzsmRP
[ 'v', 'v' ]
input =v
priorityScore=22
lTTLpcljjGlLlLNBpjwFQDQmRnrRDPrPscRrDDng
input1 = lTTLpcljjGlLlLNBpjwF
input2 = QDQmRnrRDPrPscRrDDng
[ 'c' ]
input =c
priorityScore=3
NCNjFlHNCTVjpwGqGSVbJddqZZJM
input1 = NCNjFlHNCTVjpw
input2 = GqGSVbJddqZZJM
[ 'V' ]
input =V
priorityScore=48
MbWdgvHFlMvmzTzShvmm
input1 = MbWdgvHFlM
input2 = vmzTzShvmm
[ 'v', 'v' ]
input =v
priorityScore=22
tqjqpLsNsrrsjstNLpQrGVhVBzrhVcfmchDcTPVVmc
input1 = tqjqpLsNsrrsjstNLpQrG
input2 = VhVBzrhVcfmchDcTPVVmc
[ 'r', 'r', 'r' ]
input =r
priorityScore=18
RqwjqjqsGjjGGQNjGpQZpqRFJgmMHwdbFWgnHMFdwmmCFW
input1 = RqwjqjqsGjjGGQNjGpQZpqR
input2 = FJgmMHwdbFWgnHMFdwmmCFW
[ 'w', 'w' ]
input =w
priorityScore=23
HHHLcCcVHjTHglsB
input1 = HHHLcCcV
input2 = HjTHglsB
[ 'H', 'H', 'H', 'H', 'H', 'H' ]
input =H
priorityScore=34
wDSRwzzRpMSdNSPSwSpRbqvgBsdqlgTvBFBjgFvvgB
input1 = wDSRwzzRpMSdNSPSwSpRb
input2 = qvgBsdqlgTvBFBjgFvvgB
[ 'd' ]
input =d
priorityScore=4
RpbzPssDMWwNRbRNRPDsDhJthLQVGLJcctQCJQfQJCLm
input1 = RpbzPssDMWwNRbRNRPDsDh
input2 = JthLQVGLJcctQCJQfQJCLm
[ 'h' ]
input =h
priorityScore=8
WsZgbNgZVCCWbVVVmgZbCCRPccGnzPBqJjzWJBJPzvBvGz
input1 = WsZgbNgZVCCWbVVVmgZbCCR
input2 = PccGnzPBqJjzWJBJPzvBvGz
[ 'W', 'W' ]
input =W
priorityScore=49
SpfThHtrHFBPPzJvPntj
input1 = SpfThHtrHF
input2 = BPPzJvPntj
[ 't' ]
input =t
priorityScore=20
QHDhhrhpTQpHhQHnfwnTCNlbZCCDLNllZlVsNCNl
input1 = QHDhhrhpTQpHhQHnfwnT
input2 = CNlbZCCDLNllZlVsNCNl
[ 'D' ]
input =D
priorityScore=30
QtzJFRQLMRnZcZsfcphlPQ
input1 = QtzJFRQLMRn
input2 = ZcZsfcphlPQ
[ 'Q', 'Q' ]
input =Q
priorityScore=43
qSBbjmWSCNmVldSqqSqmjCSZshfwfrPPZZfcPVZfhgsgPg
input1 = qSBbjmWSCNmVldSqqSqmjCS
input2 = ZshfwfrPPZZfcPVZfhgsgPg
[ 'V' ]
input =V
priorityScore=48
HqBbHqBGSlNBbltnLLHFJMtRvRTD
input1 = HqBbHqBGSlNBbl
input2 = tnLLHFJMtRvRTD
[ 'H', 'H' ]
input =H
priorityScore=34
tcGtDdMcttttHNBlMctldlwjwwqqCLCwDwZjFCZhmnwC
input1 = tcGtDdMcttttHNBlMctldl
input2 = wjwwqqCLCwDwZjFCZhmnwC
[ 'D' ]
input =D
priorityScore=30
VrJgvWWsPvRgVgrJQvfQfzgVzZwCbLZmnmwCwZqmnhjZbnLj
input1 = VrJgvWWsPvRgVgrJQvfQfzgV
input2 = zZwCbLZmnmwCwZqmnhjZbnLj
[ 'z' ]
input =z
priorityScore=26
sJpffsRWWRJVWWpHltSpnMHGcMTl
input1 = sJpffsRWWRJVWW
input2 = pHltSpnMHGcMTl
[ 'p', 'p' ]
input =p
priorityScore=16
zNqRbqSbfdcTLLfS
input1 = zNqRbqSb
input2 = fdcTLLfS
[ 'S' ]
input =S
priorityScore=45
ZVPzPnVvdLwLDPfF
input1 = ZVPzPnVv
input2 = dLwLDPfF
[ 'P', 'P' ]
input =P
priorityScore=42
VWnzQCVWZVMzQRHgqgqrHGtGMp
input1 = VWnzQCVWZVMzQ
input2 = RHgqgqrHGtGMp
[ 'M' ]
input =M
priorityScore=39
PbHpWfWPvRfbzWPFfRpPDtBwSHMwCBgDwBjDtMMM
input1 = PbHpWfWPvRfbzWPFfRpP
input2 = DtBwSHMwCBgDwBjDtMMM
[ 'H' ]
input =H
priorityScore=34
hTTdZQlcnTcmqVTdcddrDgBSwsjjBgqBtsCgMD
input1 = hTTdZQlcnTcmqVTdcdd
input2 = rDgBSwsjjBgqBtsCgMD
[ 'q' ]
input =q
priorityScore=17
hlldTmdJJmJdZvzfFfNJFJgRzR
input1 = hlldTmdJJmJdZ
input2 = vzfFfNJFJgRzR
[ 'J', 'J', 'J', 'J', 'J', 'J' ]
input =J
priorityScore=36
PJWvJBbWsfLQWsLvmCqHCcNLHqHLLcwDqV
input1 = PJWvJBbWsfLQWsLvm
input2 = CqHCcNLHqHLLcwDqV
[ 'L', 'L', 'L', 'L', 'L', 'L' ]
input =L
priorityScore=38
dQztrZrdwHhptqDH
input1 = dQztrZrd
input2 = wHhptqDH
[ 't' ]
input =t
priorityScore=20
ZrMGjgMSrdzQGQRJPvGGbm
input1 = ZrMGjgMSrdz
input2 = QGQRJPvGGbm
[ 'G', 'G', 'G' ]
input =G
priorityScore=33
RmjljZChlDZBCRRvlmNSLSqMNLzwLvppwQSQ
input1 = RmjljZChlDZBCRRvlm
input2 = NSLSqMNLzwLvppwQSQ
[ 'v' ]
input =v
priorityScore=22
sTnVnPrVGsGTPddJrfgQgqLgGpMNQtgNtNzg
input1 = sTnVnPrVGsGTPddJrf
input2 = gQgqLgGpMNQtgNtNzg
[ 'G', 'G' ]
input =G
priorityScore=33
sbbTfTdcJPnHbsJfHsdcmDDmmqBZlClmjBRDCZ
input1 = sbbTfTdcJPnHbsJfHsd
input2 = cmDDmmqBZlClmjBRDCZ
[ 'c' ]
input =c
priorityScore=3
CJmHLmHFFCFbHsbJsJqvqhQqLDhQZvnQDZnn
input1 = CJmHLmHFFCFbHsbJsJ
input2 = qvqhQqLDhQZvnQDZnn
[ 'L' ]
input =L
priorityScore=38
wGwppTjdWPdgFpGcScBqNnNqNhQlDqnDlZZW
input1 = wGwppTjdWPdgFpGcSc
input2 = BqNnNqNhQlDqnDlZZW
[ 'W' ]
input =W
priorityScore=49
pGcgGgTpGjFdwpSFVgSdpPjrMCMffzJzRzztRfHCRsVmtbsz
input1 = pGcgGgTpGjFdwpSFVgSdpPjr
input2 = MCMffzJzRzztRfHCRsVmtbsz
[ 'V' ]
input =V
priorityScore=48
CgBClZfCflPflNZRvfQswwmwmwQsQhgppdhm
input1 = CgBClZfCflPflNZRvf
input2 = QswwmwmwQsQhgppdhm
[ 'g' ]
input =g
priorityScore=7
qbzDGrjLLNLDHDqtJmmhhmQdhwpQhhbp
input1 = qbzDGrjLLNLDHDqt
input2 = JmmhhmQdhwpQhhbp
[ 'b' ]
input =b
priorityScore=2
NLGqVqjDjjGrMFrvFWPBRBZnCvfFnT
input1 = NLGqVqjDjjGrMFr
input2 = vFWPBRBZnCvfFnT
[ 'F', 'F' ]
input =F
priorityScore=32
tbrrHsgsVmmmbtgwVsQRqjJMmqMjQfJfLFLD
input1 = tbrrHsgsVmmmbtgwVs
input2 = QRqjJMmqMjQfJfLFLD
[ 'm', 'm', 'm' ]
input =m
priorityScore=13
ZvlBGzdvjGfRFJQJ
input1 = ZvlBGzdv
input2 = jGfRFJQJ
[ 'G' ]
input =G
priorityScore=33
dBppnnBBhdzZncBPlznpnNdWHSsbWthbSCgHrVfgSSwVgr
input1 = dBppnnBBhdzZncBPlznpnNd
input2 = WHSsbWthbSCgHrVfgSSwVgr
[ 'h' ]
input =h
priorityScore=8
VRvMtRVFHQLvMRQFQtBctrthshTTgCmhTrgWhWZsZZ
input1 = VRvMtRVFHQLvMRQFQtBct
input2 = rthshTTgCmhTrgWhWZsZZ
[ 't', 't', 't' ]
input =t
priorityScore=20
lzJlGBSPPhzjgZsTCr
input1 = lzJlGBSPP
input2 = hzjgZsTCr
[ 'z' ]
input =z
priorityScore=26
wJlpJPfDSpwBnddqJDdpPpcvMFHFMvNbvnNMFHHRVVbR
input1 = wJlpJPfDSpwBnddqJDdpPp
input2 = cvMFHFMvNbvnNMFHHRVVbR
[ 'n' ]
input =n
priorityScore=14
CPShbbdlGCdQqlRPGPdlDWDFzjtFjggCDJgWczfF
input1 = CPShbbdlGCdQqlRPGPdl
input2 = DWDFzjtFjggCDJgWczfF
[ 'C', 'C' ]
input =C
priorityScore=29
mrHrTrrBMBsmNsrwsBpnfpggDDcjjDDpjzFJzzjtJz
input1 = mrHrTrrBMBsmNsrwsBpnf
input2 = pggDDcjjDDpjzFJzzjtJz
[ 'p', 'p' ]
input =p
priorityScore=16
BvsNvBLHrrrNvwBTNNsNGbdQhlPGGfqhhRGqLGdl
input1 = BvsNvBLHrrrNvwBTNNsN
input2 = GbdQhlPGGfqhhRGqLGdl
[ 'L' ]
input =L
priorityScore=38
PSSlPtlStGhPNMtwPMPJzDddnbnDNTDDnJqjbz
input1 = PSSlPtlStGhPNMtwPMP
input2 = JzDddnbnDNTDDnJqjbz
[ 'N' ]
input =N
priorityScore=40
FFVHRwVLvFvVrVHrZcLmRHggjDmdDnDnznnznzQjzdmJddbn
input1 = FFVHRwVLvFvVrVHrZcLmRHgg
input2 = jDmdDnDnznnznzQjzdmJddbn
[ 'm', 'm' ]
input =m
priorityScore=13
WrvgRgcRcRrrcRvgcVrHVrwCCSfsCsGsllhMSSSSMttlSCpG
input1 = WrvgRgcRcRrrcRvgcVrHVrwC
input2 = CSfsCsGsllhMSSSSMttlSCpG
[ 'C', 'C', 'C' ]
input =C
priorityScore=29
hBPJqVZTqqPSlGlfddfddZvl
input1 = hBPJqVZTqqPS
input2 = lGlfddfddZvl
[ 'Z' ]
input =Z
priorityScore=52
JWWMJCpnMrmztzdjnzld
input1 = JWWMJCpnMr
input2 = mztzdjnzld
[ 'n' ]
input =n
priorityScore=14
RbWsrwMrpbRspbWgpwhLJPccNVqLLPSVgVPV
input1 = RbWsrwMrpbRspbWgpw
input2 = hLJPccNVqLLPSVgVPV
[ 'g' ]
input =g
priorityScore=7
hcTrWqcfhwGfWrWMjHjGvDHPmJMDzF
input1 = hcTrWqcfhwGfWrW
input2 = MjHjGvDHPmJMDzF
[ 'G' ]
input =G
priorityScore=33
ZtlsnZZtLBSbSssnbndjDJJFHFHJPHPsHMTHHM
input1 = ZtlsnZZtLBSbSssnbnd
input2 = jDJJFHFHJPHPsHMTHHM
[ 's', 's', 's' ]
input =s
priorityScore=19
ntRZtSbtZgZStTqchwQfRwNpcq
input1 = ntRZtSbtZgZSt
input2 = TqchwQfRwNpcq
[ 'R' ]
input =R
priorityScore=44
GfLqrsqQGgPgjjQGVcNvTpTpNFcWPvPPpT
input1 = GfLqrsqQGgPgjjQGV
input2 = cNvTpTpNFcWPvPPpT
[ 'P', 'P', 'P' ]
input =P
priorityScore=42
bRnRLnMZFdCMcpvT
input1 = bRnRLnMZ
input2 = FdCMcpvT
[ 'M' ]
input =M
priorityScore=39
RnRhzRlmlhhHhhmhRsqLrfzrGVSrGBSGrL
input1 = RnRhzRlmlhhHhhmhR
input2 = sqLrfzrGVSrGBSGrL
[ 'z' ]
input =z
priorityScore=26
fbMffwdZsncrGcfG
input1 = fbMffwdZ
input2 = sncrGcfG
[ 'f', 'f', 'f' ]
input =f
priorityScore=6
qDBjSSLqhLBSmDbjqNhqTLjCGrCHGrvcGWcpWcrGWnCrpm
input1 = qDBjSSLqhLBSmDbjqNhqTLj
input2 = CGrCHGrvcGWcpWcrGWnCrpm
[ 'm' ]
input =m
priorityScore=13
STLDqbhTLqNTNSRhlwZlJlRQFFRwMdPQ
input1 = STLDqbhTLqNTNSRh
input2 = lwZlJlRQFFRwMdPQ
[ 'R', 'R' ]
input =R
priorityScore=44
TVVGNFggcjPPJzwvQlRRwRvSlcSc
input1 = TVVGNFggcjPPJz
input2 = wvQlRRwRvSlcSc
[ 'c', 'c' ]
input =c
priorityScore=3
frsBbWhtSRzSLfRf
input1 = frsBbWht
input2 = SRzSLfRf
[ 'f', 'f' ]
input =f
priorityScore=6
qDCqddbsWrqzhsdNmdJNJHjTggFFVV
input1 = qDCqddbsWrqzhsd
input2 = NmdJNJHjTggFFVV
[ 'd', 'd', 'd' ]
input =d
priorityScore=4
NTWTDrSdFTLtPTGf
input1 = NTWTDrSd
input2 = FTLtPTGf
[ 'T', 'T', 'T', 'T' ]
input =T
priorityScore=46
lZqjHlVRvRltLtRWFMtFLL
input1 = lZqjHlVRvRl
input2 = tLtRWFMtFLL
[ 'R', 'R' ]
input =R
priorityScore=44
[
  'ZNNvFWHqLNPZHHqPTHHnTGBhrrpjvmwfMmpfpjBjwpmw',
  'sbdzQgzgssgbglRtmjlwhjBlfrSrMt',
  'zgsCRzJbsdRVQCDbcgLGWWLnZNGVLLZMNZnq'
]
[ 'M' ]
input =M
priorityScore=39
[
  'tvHhRtZGMvMHvfsrBBCTRbwbccRc',
  'qznnlpzzDppWlDpQpCrcrwnBNwTZnBTZrn',
  'PdVZJJqVZdllDPFtMjMgLjGMHvSgMF'
]
[ 'Z', 'Z', 'Z', 'Z' ]
input =Z
priorityScore=52
[
  'csbhhVDDvzlVDcbccGGvfRjDHCjNLRHRCLfmnZfR',
  'dFrStSTTmrrrHVfV',
  'MMgQMMTMVTdgWtwTPwSgWSgGbbppJzlplvhBlPbzhlhbzG'
]
[ 'V', 'V', 'V', 'V' ]
input =V
priorityScore=48
[
  'FDJSTtSGhpPFDmFTZDpTFPmCBBrHqsCBhgBlqqrqrlRrHH',
  'dQwMtfdzVwWfwctwnfnQCHllzRrsNzrrgNlCgqsr',
  'fLfQnVjfwQfMdfvfnVvWDvtJPFGDpvZGbZpmbSPP'
]
[ 't', 't' ]
input =t
priorityScore=20
[
  'TzzCrJcDrTDdLDCJDvGNPCFqlZWlvNvWpq',
  'RRHfjsQBFsjgjBQsWqGpNvZQqQlPPQPN',
  'VnHBnRVssnnjsSfBwbMSrrbTwJTcwSDF'
]
[ 'F' ]
input =F
priorityScore=32
[
  'HJCgHCCFFFVGJWTlbqDdlqTDDpgl',
  'cZccSmLrfZcrmmzSQftdpDtTHdbQTDMQ',
  'NZZccrrBwZRPNNzmcLSSjJhGhVWCnsFnHBjGChsJ'
]
[ 'H', 'H' ]
input =H
priorityScore=34
[
  'qwwwJHTHqdFDtZBFPfFBZFzM',
  'gVRcLnnWVgggnnnQgVWWNZtZrBfLBzZzBrMPPrZvPv',
  'GQgQSVRtsVnNRGSCdpmwspmbmDpHmhwd'
]
[ 't' ]
input =t
priorityScore=20
[
  'bhNgNfgwpbLMhCZMGQBmDm',
  'FrcHrSllcqcFFMGLBDQlMDTGlT',
  'FVSddRSJRjLwbjJPJw'
]
[ 'L' ]
input =L
priorityScore=38
[
  'wzhhrTwwTrSsdHQjjSHnBjQj',
  'gRDCmVgRgMvtMfVMRBBBhWCHQQHGJHZJQZ',
  'NtgVgttVbMNmvsNlpcrLhLTNPw'
]
[ 'h', 'h' ]
input =h
priorityScore=8
[
  'MCgjsfnscgjjgnGgJHHqHDgdHbGr',
  'QSSmRFPpRtPFQLQRmPzvBzzzDWqrqWWHJGGNrJJbdtVWHJDV',
  'BdSFdLQzRFlSLmQplffwncfscChhcsMj'
]
[ 'd', 'd' ]
input =d
priorityScore=4
[
  'GfVmfnmJVnNVFhnhGmbmhpHvqjrzHZBjfvrtBHHZrwBt',
  'ddWQldlMdWMlQsLWTLQgMNwBrvjrZjNrwzZjswHqrv',
  'QQdTRcgTRPDlMQlQPQdhcNNnbJmbGpVnGchFmm'
]
[ 'N', 'N', 'N', 'N' ]
input =N
priorityScore=40
[
  'CjjZCCZfvWZRHHhRtwhvPN',
  'mrnqlqMqBlSSLnBTLBwmHPPWhPPHtFRPWzwt',
  'rBVTrrMMSMLQBrndGcddWQbbdZfCZJ'
]
[ 'W', 'W' ]
input =W
priorityScore=49
[
  'LFtdjHjLjLqHqstLTjFLFqNMnMhhZdDDNMVbWdDDbhnZ',
  'CrBpBGnzrzmczcllrphCZZWJMDWRbbZNMDMR',
  'GwgvzpzvrcmBrnfHjTgqTsgHjF'
]
[ 'n', 'n' ]
input =n
priorityScore=14
[
  'rMPPZcplCZlZPwtSwhtBwCQQzB',
  'FvDGffLqqmQFwmmhzt',
  'TjJjJfHHVDVnHVgZZlQppcVscP'
]
[ 'Q', 'Q' ]
input =Q
priorityScore=43
[
  'hVcqHwhgwwwjHjjGWbvrbBGrsWVWGn',
  'CttPRpMmPDTWbWltlLBnGl',
  'pZmDFMmPMfnZwqqwfcqJdHgz'
]
[ 'n' ]
input =n
priorityScore=14
[
  'bSJWhWJCbGGWJPStWTgRQwzDjgQQjsDW',
  'nFBBVQVrVBrNFMFZVpBBZFZrDgdTldgsRsslsljsRzTRjzns',
  'rMcZcHcBQPvbbHGP'
]
[ 'Q', 'Q', 'Q' ]
input =Q
priorityScore=43
[
  'mSfmwqfmzrfHwFfmrwvPHqPmMFRlMDDZBCVVRCVZVlZpMRRR',
  'TWjdTWhTsssLTGsJNWhTQddjRMDMtNNBSCDBllMMBVtDMVRZ',
  'QhWTQcdhjThsdGbTLGjWHmffnmHwnwHrwqmmfcwS'
]
[ 'S' ]
input =S
priorityScore=45
[
  'LmrsMQnnpfmMLllvTvqvFFzvFHNN',
  'WGRFVWdwZWZvCbJzcvJNzw',
  'VjGhDtWGSFRGjVVSFdjjDPBfspPnnMBLPLrrpMMm'
]
[ 'F', 'F', 'F', 'F', 'F', 'F' ]
input =F
priorityScore=32
[
  'qqqCCJjtqtqCtqLZspHWBdSrWWSzzbzHFWBldb',
  'GhwwcwPFVDcNFRRGwwzmlBrBWvllrvSzlrcd',
  'DGGhQNNDhTpZZqqLQFQQ'
]
[ 'F', 'F' ]
input =F
priorityScore=32
[
  'QfZmgQQZCCMLfNrgprdNvvdrTg',
  'hhttsBmBDcFRBlJshJcRrnjnTvNqpddNNqvndp',
  'JtsGJGtGGJJJHDbctllhZHmMwMQSPVPzHSLMPZmV'
]
[ 'm', 'm' ]
input =m
priorityScore=13
[
  'DScSjZcNBZqjDDcLLfFtPfCfjfPvfv',
  'pTmRlWhdMwTLGwCf',
  'mRdWCVVglWrCmVHVrVCmdrbSzNcBDBqBZDNHqssscNzqNc'
]
[ 'C', 'C', 'C' ]
input =C
priorityScore=29
[
  'sPMHGFMsrPNCPnNS',
  'ffJzllbzpZBllttBtfglgBTbSCVCmmrNFmmbFNvCFLLb',
  'cpZqpfgZZJtJqJJJfWHWhHdHWHjcdRdFHD'
]
[ 'F', 'F', 'F' ]
input =F
priorityScore=32
[
  'ZZPfppvzMrlNBFcvFB',
  'shJgstJwWLVJwcrFFVFrBVNNqFFB',
  'HwWJdLHWWLcQgssHwwSQSQtQzCnZZMpZCmdzZCzpPzpCPRCj'
]
[ 'c' ]
input =c
priorityScore=3
[
  'QCpLRbsCCQQLbQzCBQDQBBfTTffWtTctJVRNVtnfwtWV',
  'GvlqqlGlmMrdsvrhmlcTvwJtwNwTvfJfcWTW',
  'lMhgqGhddjqFFCzBBpbsSQpD'
]
[ 's' ]
input =s
priorityScore=19
[
  'JJwGJwVQQwVSsSMhQMQgHfgfTtrrfVTNgNNfrt',
  'dFDWCDdFppvDFmWWWnJTPllHmHlgrqrgggtH',
  'DzFbWjdRpbdFCjjRbnFbQBGhhQBBJZwMhScwZwJz'
]
[ 'J', 'J', 'J', 'J', 'J', 'J' ]
input =J
priorityScore=36
[
  'HttvHpHmpJWtHmFNvlvdMSVdPMtLVCCMMMfcfL',
  'GjgzhGSGSSdCcRMVjMdc',
  'QshbnghgnGDnqsFrNSJFrsNs'
]
[ 'S', 'S', 'S' ]
input =S
priorityScore=45
[
  'wJpjMwzjzdVbzPPVpbCHnqGnBqnsBrNCwgrC',
  'ftTLLDTQtLTGTGtFrgHrvqgQnrvQsCHH',
  'fTcFFfLSfFFcGFllcFhPJPjWWJSjSWzMWPdS'
]
[ 'G', 'G' ]
input =G
priorityScore=33
[
  'ZjNdmjVQVZmvNNZNNZHWZmWtsJnwTpJJswpWwGqJhJqGpp',
  'FcRRcDblDMLRcRMLFFMDGsJnqhwpqTTJGwnsfnlp',
  'LRBrcLbbgLFgBbFqDvdHQvCCjNzzzVrZdV'
]
[ 'q', 'q', 'q', 'q' ]
input =q
priorityScore=17
[
  'BdbLWrgdvgWvVJgWnDfNhVnqhCCpDpcq',
  'tSQPSTSGPMmlMPtQQPJGtGQRCcnqqfnRhCcChDqnCfRScf',
  'jTssPsjMQMmszPjlTtsJdFBFrJzrbJdHZFHdWH'
]
[ 'J', 'J', 'J' ]
input =J
priorityScore=36
[
  'vCccctvvTTtZcgLGcZTbssbMWnpMpmLWqnNjpfPPfPjMPp',
  'wwBBlRBBwDDVFRhFlRhdRRVWPnnpMpffmmffrpWqVNPm',
  'ddhddRzHlQHFJcGsCztTgbNzST'
]
[ 'N' ]
input =N
priorityScore=40
[
  'fJctfpVWcnfRLfrRwP',
  'vmmnvDQDZTNTmGGTqTMTvMqwBdLjBvRzBRrRBRLjjBPzBB',
  'GMnmqSTFFQqttcbcJWgsSt'
]
[ 'n' ]
input =n
priorityScore=14
[
  'rHNfmfRsmfRGfDNcRmcmMQlLCGSnQwwPPCSnzQlSCl',
  'bsJTBsVhFsVpqFWFgPCwnQwBZzwQzZLlzn',
  'qggTTqvqgqbbTTFqVqgWqvNmmMMRdffftNfMDMmscR'
]
[ 's', 's', 's' ]
input =s
priorityScore=19
[
  'rFWQFszrwjsjFWvshPTCmLZLSTLwSLlgSP',
  'BQbcqVHNVqVpVpmClJgJJHSmZLJm',
  'qBNNNVdDMGBpDcDWsvdQsFrFnjttfj'
]
[ 'Q' ]
input =Q
priorityScore=43
[
  'qGhmttmzhtMvhbrLdSHbdSHRzb',
  'WCBgQJJpjCQlgdHZrfPRPSRbNg',
  'jBTTDjlnjnJDJTQCVntcwtwMSvqcGFDhcvsh'
]
[ 'S', 'S' ]
input =S
priorityScore=45
[
  'ZTrnTqMWWWnfrddMGJPgPLlPbw',
  'VvmGRVpBpNNmvNvjVjtpNpCNLLLJHHBdgLPdwsdsbLlwwlwb',
  'GmCVSCRVGmpCRVvttmpDrQZfhnzhzqnDWnrZZTQq'
]
[ 'G', 'G' ]
input =G
priorityScore=33
[
  'DQBZHHtWHzSvZvDQWchgqsqqhrrhhcqrcZ',
  'jdMfwlFfFlTfndwpjjwGnNrqhPTmPSPTPPhmgrPSrh',
  'jlGbwGMdlnJpGFGjpnFCSJzzDDtWHCBBQBvtVC'
]
[ 'S', 'S' ]
input =S
priorityScore=45
[
  'RrbBWBRRWSRsBBVvsPHZDwSjjPdnHwtPtH',
  'fTgfzMmNJpmJgfllgpjVQtDDndVQpdnHVtPp',
  'gGmlNclTGmGFhLVcVrvLqrvc'
]
[ 'V', 'V', 'V', 'V', 'V', 'V' ]
input =V
priorityScore=48
[
  'QcpCTVCZVcCwLcCVvHvvVsCcNzNNSbPRzsDRDSBlsNNzDRtb',
  'fggMfJqgrWFpmjWMggmrfMWNSbRSPBDbNtJRtPJzlStBbN',
  'gdnmpWGnZvdQCvdv'
]
[ 'p' ]
input =p
priorityScore=16
[
  'tqqcLqqDDqNtDrqHrrPWlTlTWZTMzTFzQlMPSZ',
  'pfnpmmppmppRGjwbjmnjwspWbQQQTMWZbCTSZCSQlCllZF',
  'gmpVnGmmmpjDvVLBFqqvrH'
]
[ 'F' ]
input =F
priorityScore=32
[
  'LqBvJHZvbHGBHrBtGGQTmSVprVzhpVPDPQzQ',
  'CRdRgwCfhTVDzSdQ',
  'fRCcjgSMjfNgMMLGbGZtvBbGHv'
]
[ 'S' ]
input =S
priorityScore=45
[
  'HgvtDDzDpvwgvvqdHPZWdMssTTddSs',
  'rJFrGNFVQmNFVmRnWhhsrTbhwhZTrdTd',
  'VQGBBBVNQClpcBvBwD'
]
[ 'w' ]
input =w
priorityScore=23
[
  'PWlSzZGmdmGmlGmhggBpvMjvMjFgPJ',
  'TtLRDtQQfTVcQQQRtBsJFFccFjWhJJFMBs',
  'HqVCNtWHCDwdnlGwGqSr'
]
[ 'W' ]
input =W
priorityScore=49
[
  'RwdRJgCJRGGmdMbcGbdnTnTtttLLnptMtMtMqZ',
  'DWsWPFrPqVPPLVCB',
  'zQWWsslsQHFhDSszDSFQzJJJmvcgblRgmNvCJmvNgw'
]
[ 'C' ]
input =C
priorityScore=29
[
  'tpmFrWTtRpRTtggsSlnQpsnnlSHPsn',
  'bZwZjNNZGLSrVsGndPPV',
  'NvrcjCfbvvLBDBWfWFgRRm'
]
[ 'r' ]
input =r
priorityScore=18
[
  'WWFMgWmMhhwDcMMMDcmLWLtQwwsjbsQHvZHbRjZfsZzH',
  'PTCplTCdSJJCpvPGNSvsbsfHtbQZzdHjQtjjsj',
  'vNGJPpqJvJvqghgFgWFmLD'
]
[ 'v', 'v', 'v', 'v', 'v', 'v' ]
input =v
priorityScore=22
[
  'RlRpLTZCjWRjRWwpRsjHjbSbqMqMvvnbnGMnGGqQCq',
  'gddfDNczmgPthNcDdgPVnbbzbnJrJJGSSVJJQS',
  'BmDmcDmcmhffdBHlRwjRLpwlWQ'
]
[ 'Q' ]
input =Q
priorityScore=43
[
  'prQlfzlWRPzgQWzlMPMRppssHHsDsHjwnHHbWDwwbwjL',
  'vFBJJtZNShJvZFtdSqtmqjTDVHVGDHbwVHDVsDnThH',
  'vcjBZZdZqvCfpzRfcgRp'
]
[ 'j', 'j' ]
input =j
priorityScore=10
[
  'cggpqgRlSpNsgNggbjjj',
  'ZZSSJVLVLFDZWNGjCWWbCjsF',
  'vZLvfZQQfQtJVJDQShLrLfMmnldmwqwTqqMcMTMTndrm'
]
[ 'S', 'S' ]
input =S
priorityScore=45
[
  'bQBMtBPddtMFbJFhRGzMfzvnRGRSvWnW',
  'TmHTqlVHwVpQqjmwGvSgSpnLpzfWGWSn',
  'TTrDQCDrrTmDCCCVHHQZBdZFPdsNdFBtFDhtFB'
]
[ 'Q', 'Q' ]
input =Q
priorityScore=43
[ 'fjpQvNZcGhGGTtQS', 'DVJzvbVmHbbtSTSTRStzTM', 'VDvmqllmJfjWlnplNs' ]
[ 'v' ]
input =v
priorityScore=22
[
  'ZmdHZJjvQLdRjpmLJrqqZBhhtCschPfBPcrDfPffCD',
  'MWWSMMwnwlSgzWFFgSwzVwzqcfDCfChCbbtssbfDChcD',
  'NMqFTwGqMwgwwgjHRdHRjdmQmQTm'
]
[ 'q', 'q', 'q', 'q' ]
input =q
priorityScore=17
[
  'TTqWPCWRhTWqPNjPJMNtrlbJFttQwwrBrlbwlc',
  'GfpSDGZvpQffSHDgggDZrHctFmrHncnnwwbBtBrt',
  'SQGfLsSLZsqMTRNMPT'
]
[ 'Q' ]
input =Q
priorityScore=43
[
  'HdBdnBZJTZBBmsfwwBlh',
  'MjCVjzwqWrfzplzW',
  'vVbqCjjRgjwMbnbGHJScScZHLL'
]
[ 'w', 'w' ]
input =w
priorityScore=23
[
  'dwwwtCdznvDDFrMrrw',
  'GmWLQmgQmHgcdGcsTgTDqDbSfFWfMDMfbSNqvr',
  'QhTLmVQHLmdLTjGGVptRnZpZBZVRpPpP'
]
[ 'd', 'd' ]
input =d
priorityScore=4
[
  'CzjFpzRHdtBFBCqNqSbJZWcQJTSbQjMTWZ',
  'wGwVLlGrdVGwDnwsgfMSZvJMbWJcWlvbbMSc',
  'rDfsgggrGnGngsPwdVLfDnmDtzzFNCPHtzCtFHpBRqhPztzR'
]
[ 'd' ]
input =d
priorityScore=4
[
  'mrgWzBcDtVCcQcCCdscf',
  'LRJhjRjPZvqSRGhGjLgMCdHpMNwQCpMHpHMS',
  'GRvGJRJjqPZbvGGhRjnqLJWtgFgtzTzDrFnTWrlTlllW'
]
[ 'g', 'g' ]
input =g
priorityScore=7
[
  'cbmcddlffvbTfvFflpZzsMVNznNVlnqnzqHMNM',
  'StWJBQRWLRWNPNMCswRVHC',
  'BJQBhSWhjSthJQGGWWggJDDDfbdbbfHbddbrFrddvFvv'
]
[ 'H' ]
input =H
priorityScore=34
[
  'jFqvqvWZWDtBJrrlrq',
  'TzGcbHcrmVzMGNSmTcGDtBthJCNtsJDlBCghgP',
  'bTrnTccnLSrrTHbnwfLjfdvRRwZFdwfR'
]
[
  'r', 'r', 'r',
  'r', 'r', 'r',
  'r', 'r', 'r'
]
input =r
priorityScore=18
[
  'drHVrdVDfsDbVsdVDbVqRwbZZwCRCCCJlJThwRgT',
  'jFPcFpBSvtNPzSFcjcQpcQjpThZCRltGRRRJhwCwGhwgwhRm',
  'SQSzPBjjPPSvLqqssdnqLZLMsM'
]
[ 'Z', 'Z' ]
input =Z
priorityScore=52
[
  'bQTWlWlvQclNwwWlCCLStCRSSjStpj',
  'zVZZDdBnBmgzVsjsLthSpshdCL',
  'DfBnrmBmgzHBfDHmnGrNFCwQvTPvqCTwqTFGbF'
]
[ 'C', 'C', 'C', 'C', 'C', 'C' ]
input =C
priorityScore=29
[
  'srSWJnrbmlWlbhzsWszSvPGwvgDhcjdjjfvhjvGv',
  'BRRQFLtNfQNMpqpQHDjdDjDcZZcvwZZHPH',
  'NLCNCtRQfRttRFRCTqMBqQQrzrbzrlJmVVbsSWmVrTbSzJ'
]
[ 'f' ]
input =f
priorityScore=6
[
  'RHLfLcSRTFSghLRHGbwZmMZddgJswZsbMm',
  'ptqjtCzzQztqCjDlBGpDpbMZdwmMbZsdwNmdJpbs',
  'tttzCVllDCtDQnQBVHGHWvWTLWcLSLHf'
]
[ 'G' ]
input =G
priorityScore=33
[
  'FVlNnPqbGTHftghggJqf',
  'zLcZWZpWWrcrZLLZDWrwMcrhBFBttChBmBgptChhtFftmf',
  'LZZLrDrrDDMrcwrDwsWFzdTlnGQPQQVbdbnsvnvsVQ'
]
[ 'F', 'F' ]
input =F
priorityScore=32
[
  'BbPNMJNbQvDbvPLwHflczlwwzf',
  'pZjWZGZjFGdgpnVgZhghdmcflrlswzzcstlrLwhtwc',
  'WZSdqFjqSqSWdGFjZpdMTTDNTvLCRRLLqRQMCN'
]
[ 'L', 'L', 'L' ]
input =L
priorityScore=38
[
  'FqgFGtbgTvRwrLqhvw',
  'JCCWJWCdJMQNNsSWsMPQRDDLDSDLwTrrvnwfDvnD',
  'HdPJlBBHCCQdBMWdTtVbgHczGVGjmtzG'
]
[ 'T' ]
input =T
priorityScore=46
[
  'PLlZDLZDsFCvbDQv',
  'HVcTmVmJqVzqczfzbjvvCFMRfCsWjMvR',
  'cqHzTqJTTTTzzmnmrctrBlLlvSlgLdZvSwSlpw'
]
[
  'v', 'v', 'v', 'v',
  'v', 'v', 'v', 'v',
  'v', 'v', 'v', 'v'
]
input =v
priorityScore=22
[
  'SbMMNJjmgMnJdSSbjVFZVSQrlQfWVQVWZh',
  'PtqDqPGcLHzHpqLcRzRsfQFfZlfRfZfRFVsl',
  'cTDLcqGCzDTqzzDLDzqPTtJvbBJMnmvjbdlmJNvmdgNC'
]
[ 'l', 'l' ]
input =l
priorityScore=12
[
  'tDJDlZVqJGbvHNQbNFFsFPmLns',
  'ppczpzpffGwfBNLGmn',
  'WShzgTTpWzhWztJJGJSvtvvtjq'
]
[ 'G', 'G' ]
input =G
priorityScore=33
[
  'TbZFTFScnCZFQRTCqQdBjdJqjBqjjQDB',
  'rmmLpLLfzrlmslMBHvdRddNDDJDrqD',
  'MWwLPzmWfpsMmmlMPMWLwRTZTZnnTcVCcZFCwSnZ'
]
[ 'R' ]
input =R
priorityScore=44
[
  'SqmClqHssNWCqPTcWcGhBTchVV',
  'ZnnnDflRpBVTTVhPBZ',
  'DpgfvnvMfCsqlMtSll'
]
[ 'l', 'l', 'l' ]
input =l
priorityScore=12
[
  'ZzLMRZpLMwwppZqnQGvQgBSvlNVlBFFNFVrg',
  'HcqhTmhmdDTPFTJgTTFBSgJN',
  'mccPdDDHbssbtwZMqpbzCRGM'
]
[ 'q' ]
input =q
priorityScore=17
[
  'TgqnTltgWqLRSRnlqddngFfrvHvrBTfCCFrFVTvVCf',
  'cwNJmPzQwNzczzNsJGhhHfhrfvVHGvtvVVfC',
  'jjtbtDswcmPWlbgRnRdMZL'
]
[ 't', 't' ]
input =t
priorityScore=20
[
  'TmpTBBwvspTptRmsmTGLQDGRHGgVGLSQSMHQ',
  'ZlPWqjWrzjPqdrlzbrbrwfrWLHVMLnHDMVDQnLQfQfVngQLS',
  'zNwbrrFWbFJpmpmvvt'
]
[ 'w' ]
input =w
priorityScore=23
[
  'RMQQMwHMMzcFsWsDrWfcpJpS',
  'LLhZmGVLhVlTZfWWfWpCrDsGSp',
  'VLVTnqjjZngtQRFjvzDM'
]
[ 'D' ]
input =D
priorityScore=30
[
  'gmRBpjrpRvCfRCrBgvjHShnbnngbgSJnNsHMHS',
  'ZDPTwGWtqwHhSnbcMNJw',
  'DWGGqtVVqldWZzMzWmvjrjprLRFjRVvvff'
]
[ 'M' ]
input =M
priorityScore=39
[
  'tCzVzsVtDFzssnSsgdqJdCNqJhmgmpqq',
  'PZccPGvQfRLMQwNdhpwhNh',
  'jLrcbRjPZBrcPdjRHFlWnVtBFslSWznW'
]
[ 'd', 'd' ]
input =d
priorityScore=4
[ 'vvvbJbWrLvFWHzZzZRhB', 'chtwTmCNlRRZzRPT', 'hmcCssCswrMDGMSrsr' ]
[ 'h' ]
input =h
priorityScore=8
[
  'LStGBsQLlllhzMzs',
  'dzVZDNWRDdZNDTZTPvWVhhphpMlfMccRmfnlMlRn',
  'VFvgTrNPdFWNNFNFTzTFFSjSQBCqrtQwSBGLLBGwGL'
]
[ 'z', 'z' ]
input =z
priorityScore=26
[
  'qGJSJhWStdSfWvSvtGRRnzRDDggrgvnzsmRP',
  'lTTLpcljjGlLlLNBpjwFQDQmRnrRDPrPscRrDDng',
  'NCNjFlHNCTVjpwGqGSVbJddqZZJM'
]
[ 'G', 'G', 'G', 'G' ]
input =G
priorityScore=33
[
  'MbWdgvHFlMvmzTzShvmm',
  'tqjqpLsNsrrsjstNLpQrGVhVBzrhVcfmchDcTPVVmc',
  'RqwjqjqsGjjGGQNjGpQZpqRFJgmMHwdbFWgnHMFdwmmCFW'
]
[
  'm', 'm', 'm', 'm', 'm',
  'm', 'm', 'm', 'm', 'm',
  'm', 'm', 'm', 'm', 'm',
  'm', 'm', 'm'
]
input =m
priorityScore=13
[
  'HHHLcCcVHjTHglsB',
  'wDSRwzzRpMSdNSPSwSpRbqvgBsdqlgTvBFBjgFvvgB',
  'RpbzPssDMWwNRbRNRPDsDhJthLQVGLJcctQCJQfQJCLm'
]
[ 's', 's', 's' ]
input =s
priorityScore=19
[
  'WsZgbNgZVCCWbVVVmgZbCCRPccGnzPBqJjzWJBJPzvBvGz',
  'SpfThHtrHFBPPzJvPntj',
  'QHDhhrhpTQpHhQHnfwnTCNlbZCCDLNllZlVsNCNl'
]
[ 'n', 'n' ]
input =n
priorityScore=14
[
  'QtzJFRQLMRnZcZsfcphlPQ',
  'qSBbjmWSCNmVldSqqSqmjCSZshfwfrPPZZfcPVZfhgsgPg',
  'HqBbHqBGSlNBbltnLLHFJMtRvRTD'
]
[ 'l', 'l' ]
input =l
priorityScore=12
[
  'tcGtDdMcttttHNBlMctldlwjwwqqCLCwDwZjFCZhmnwC',
  'VrJgvWWsPvRgVgrJQvfQfzgVzZwCbLZmnmwCwZqmnhjZbnLj',
  'sJpffsRWWRJVWWpHltSpnMHGcMTl'
]
[ 'n', 'n', 'n' ]
input =n
priorityScore=14
[
  'zNqRbqSbfdcTLLfS',
  'ZVPzPnVvdLwLDPfF',
  'VWnzQCVWZVMzQRHgqgqrHGtGMp'
]
[ 'z', 'z' ]
input =z
priorityScore=26
[
  'PbHpWfWPvRfbzWPFfRpPDtBwSHMwCBgDwBjDtMMM',
  'hTTdZQlcnTcmqVTdcddrDgBSwsjjBgqBtsCgMD',
  'hlldTmdJJmJdZvzfFfNJFJgRzR'
]
[ 'g', 'g', 'g' ]
input =g
priorityScore=7
[
  'PJWvJBbWsfLQWsLvmCqHCcNLHqHLLcwDqV',
  'dQztrZrdwHhptqDH',
  'ZrMGjgMSrdzQGQRJPvGGbm'
]
[ 'Q', 'Q' ]
input =Q
priorityScore=43
[
  'RmjljZChlDZBCRRvlmNSLSqMNLzwLvppwQSQ',
  'sTnVnPrVGsGTPddJrfgQgqLgGpMNQtgNtNzg',
  'sbbTfTdcJPnHbsJfHsdcmDDmmqBZlClmjBRDCZ'
]
[ 'q' ]
input =q
priorityScore=17
[
  'CJmHLmHFFCFbHsbJsJqvqhQqLDhQZvnQDZnn',
  'wGwppTjdWPdgFpGcScBqNnNqNhQlDqnDlZZW',
  'pGcgGgTpGjFdwpSFVgSdpPjrMCMffzJzRzztRfHCRsVmtbsz'
]
[ 'F', 'F', 'F', 'F', 'F', 'F' ]
input =F
priorityScore=32
[
  'CgBClZfCflPflNZRvfQswwmwmwQsQhgppdhm',
  'qbzDGrjLLNLDHDqtJmmhhmQdhwpQhhbp',
  'NLGqVqjDjjGrMFrvFWPBRBZnCvfFnT'
]
[ 'N' ]
input =N
priorityScore=40
[
  'tbrrHsgsVmmmbtgwVsQRqjJMmqMjQfJfLFLD',
  'ZvlBGzdvjGfRFJQJ',
  'dBppnnBBhdzZncBPlznpnNdWHSsbWthbSCgHrVfgSSwVgr'
]
[ 'f', 'f' ]
input =f
priorityScore=6
[
  'VRvMtRVFHQLvMRQFQtBctrthshTTgCmhTrgWhWZsZZ',
  'lzJlGBSPPhzjgZsTCr',
  'wJlpJPfDSpwBnddqJDdpPpcvMFHFMvNbvnNMFHHRVVbR'
]
[ 'B' ]
input =B
priorityScore=28
[
  'CPShbbdlGCdQqlRPGPdlDWDFzjtFjggCDJgWczfF',
  'mrHrTrrBMBsmNsrwsBpnfpggDDcjjDDpjzFJzzjtJz',
  'BvsNvBLHrrrNvwBTNNsNGbdQhlPGGfqhhRGqLGdl'
]
[ 'f' ]
input =f
priorityScore=6
[
  'PSSlPtlStGhPNMtwPMPJzDddnbnDNTDDnJqjbz',
  'FFVHRwVLvFvVrVHrZcLmRHggjDmdDnDnznnznzQjzdmJddbn',
  'WrvgRgcRcRrrcRvgcVrHVrwCCSfsCsGsllhMSSSSMttlSCpG'
]
[ 'w' ]
input =w
priorityScore=23
[
  'hBPJqVZTqqPSlGlfddfddZvl',
  'JWWMJCpnMrmztzdjnzld',
  'RbWsrwMrpbRspbWgpwhLJPccNVqLLPSVgVPV'
]
[ 'J', 'J' ]
input =J
priorityScore=36
[
  'hcTrWqcfhwGfWrWMjHjGvDHPmJMDzF',
  'ZtlsnZZtLBSbSssnbndjDJJFHFHJPHPsHMTHHM',
  'ntRZtSbtZgZStTqchwQfRwNpcq'
]
[ 'T' ]
input =T
priorityScore=46
[
  'GfLqrsqQGgPgjjQGVcNvTpTpNFcWPvPPpT',
  'bRnRLnMZFdCMcpvT',
  'RnRhzRlmlhhHhhmhRsqLrfzrGVSrGBSGrL'
]
[ 'L', 'L' ]
input =L
priorityScore=38
[
  'fbMffwdZsncrGcfG',
  'qDBjSSLqhLBSmDbjqNhqTLjCGrCHGrvcGWcpWcrGWnCrpm',
  'STLDqbhTLqNTNSRhlwZlJlRQFFRwMdPQ'
]
[ 'b' ]
input =b
priorityScore=2
[
  'TVVGNFggcjPPJzwvQlRRwRvSlcSc',
  'frsBbWhtSRzSLfRf',
  'qDCqddbsWrqzhsdNmdJNJHjTggFFVV'
]
[ 'z' ]
input =z
priorityScore=26
qvjWzzvVbZpjqllggscdchwDrCphwsdhrD
input1 = qvjWzzvVbZpjqllgg
input2 = scdchwDrCphwsdhrD
[ 'p' ]
input =p
priorityScore=16
totalPriorityPartOne=7878
[
  'NTWTDrSdFTLtPTGf',
  'lZqjHlVRvRltLtRWFMtFLL',
  'qvjWzzvVbZpjqllggscdchwDrCphwsdhrD'
]
[ 'W' ]
input =W
priorityScore=49
totalPriorityPartTwo=2760
