Num of rows in Input DaTA - 934
$ cd /
169838 fddw.bgw
248637 jtwpn.lnr
319470 lnmrrht.zbn
99548 pqpslbtn
102720 rqpt
cd bgmjrlz
$ ls
cd dhqzgdl
$ ls
cd jjshzrhd
$ ls
cd jjshzrhd
$ ls
81645 gfhfplmm
cd jlfz
$ ls
189290 wgdffcr
cd hgzg
$ ls
121740 vmmcdr
cd vqvvwgt
$ ls
142209 djtchhmw.tgr
cd zcqbt
$ ls
204760 mlsfnt
cd djtchhmw
$ ls
287664 cgjmd.vrb
307590 ghrntg.zsw
cd tvq
$ ls
270869 jjshzrhd.lzb
cd bhp
$ ls
231648 gmj.srn
260008 hrtbfww.gts
287048 jgqjszsr
cd mps
$ ls
153066 dnpv.vff
185096 slpz.phm
cd djtchhmw
$ ls
310736 ddhfvv.lzl
234532 hghrcqfd.hpn
276144 hrtbfww.gts
cd sjt
$ ls
45629 qgj.jjs
235189 wcrsz.ccc
cd btgrv
$ ls
cd rnhq
$ ls
205285 vmmcdr
cd csn
$ ls
234221 nhw.rml
cd ddhfvv
$ ls
56038 gvbzwds.cff
308363 rdzj.sqr
287177 zznmdh.nhn
cd glbf
$ ls
128210 btgrv.zqp
205284 dnt.jrd
135774 pmnbbb
cd qtc
$ ls
292185 zsqz
cd vlrs
$ ls
cd btgrv
$ ls
277089 bcpdvwqs.dmw
262922 hghrcqfd.hpn
cd jlbjlzzs
$ ls
95245 vmmcdr
cd lnqcr
$ ls
172326 qsrcb.fpd
cd vzhm
$ ls
203623 fvhmzqc.dmm
cd wwghpsds
$ ls
60280 vmmcdr
cd dfbjz
$ ls
262505 blc.lhp
24423 ddhfvv
296606 fvhmzqc.ptz
98808 hghrcqfd.hpn
cd djtchhmw
$ ls
278654 hghrcqfd.hpn
cd qdms
$ ls
154536 jjshzrhd.stf
cd djtchhmw
$ ls
246903 hghrcqfd.hpn
cd sgh
$ ls
265535 btgrv.frs
299957 hffpl.qzw
cd rdqbdtdh
$ ls
182591 jjshzrhd
22987 jjshzrhd.qwp
185957 mthrpb.qmm
cd btgrv
$ ls
9328 ddhfvv
7652 hghrcqfd.hpn
53498 wgdffcr
cd btgrv
$ ls
171099 hrtbfww.gts
22232 lqwvnz
193089 scld.jpg
75876 vmmcdr
226425 wgdffcr
cd czgrcv
$ ls
276374 lfctmv.dbp
268014 mpvb.rfg
180548 wgdffcr
cd mfhbd
$ ls
67713 fvhmzqc.llz
cd djtchhmw
$ ls
3290 ddhfvv.vsl
168684 hghrcqfd.hpn
80802 qmfhm.gtf
282318 rzn.chg
148018 wgdffcr
cd fvhmzqc
$ ls
87780 hghrcqfd.hpn
209282 vtv.wbt
cd bjpvn
$ ls
126911 rcq
cd jmqwll
$ ls
240811 vmmcdr
cd jmc
$ ls
320199 btgrv.ntz
11100 jwcvvfnb.grd
145758 wgdffcr
cd zvbwsw
$ ls
cd fvhmzqc
$ ls
169680 rlnvr.bwd
cd cbcwz
$ ls
82379 hrtbfww.gts
cd fvhmzqc
$ ls
140571 hrtbfww.gts
cd hvnt
$ ls
102394 hrtbfww.gts
29683 hsgstppl
134244 rsjrj.gbr
231284 wqhndr.hlr
207733 wtjz
cd rmrc
$ ls
259148 hrjqjdqq.tvm
cd btgrv
$ ls
240410 tqv
cd jbc
$ ls
140479 fvhmzqc.pvm
cd mzzfssn
$ ls
78226 brtbv.gtp
61906 btgrv
168944 nqll
111153 qmrsgwh
cd npdccs
$ ls
65889 wfpvp.wsg
cd wrzzq
$ ls
82867 djtchhmw
cd btgrv
$ ls
cd dppvz
$ ls
296857 hrtbfww.gts
11272 jjshzrhd
cd glmtpswv
$ ls
268244 cgntm.tcf
128070 tzctcnq.gwr
110659 wnrblpbs.wqf
cd jjshzrhd
$ ls
173945 fzstdt.pdn
224834 nnvnqrh.zld
cd cwdwh
$ ls
315172 ddhfvv.vdc
109603 dsqjgv
284882 mnsb.cdh
247067 qtntt.jhn
200809 tvtbfn
cd btgrv
$ ls
74389 ndfzlfzf.lth
cd hnp
$ ls
242535 ddhfvv
256542 nslg.qcc
143475 wbzjdrhd.gbr
cd tfzp
$ ls
46652 djtchhmw
167857 rtqcpsd
cd lqnb
$ ls
186160 ddhfvv
287136 wgdffcr
cd qfgqfzm
$ ls
212359 btgrv.hjj
cd qhb
$ ls
15584 djtchhmw
cd dzzv
$ ls
141830 hrtbfww.gts
cd lpz
$ ls
14679 jjshzrhd
cd djtchhmw
$ ls
250329 hnhzlwrm.bqp
262196 jjshzrhd.gnz
236002 vmmcdr
101814 vwpnztc
cd fvhmzqc
$ ls
44990 fvhmzqc.ngb
235856 hlbhsz
219184 hrtbfww.gts
cd jjshzrhd
$ ls
190311 clbzz
cd qpc
$ ls
217404 jjshzrhd.nwv
142286 pgjgsh.sdd
cd svmmjlr
$ ls
82636 cvbhsch
287045 fvhmzqc.rjh
48607 vmmcdr
cd tddmdzd
$ ls
7777 hghrcqfd.hpn
220410 tgfqgcc.ngd
cd cjfjmjnh
$ ls
cd gcs
$ ls
210998 nzzjl
79843 zltwtmnv
cd fjwwn
$ ls
17068 rht.hhw
cd pbcrz
$ ls
41401 tzqjl.bhn
144639 zqght
cd mqqlhnvh
$ ls
67325 tfcl.npl
cd bmcqbq
$ ls
cd bwjhtvcm
$ ls
156583 qdjmmdq
cd wzmg
$ ls
cd ddhfvv
$ ls
cd jjshzrhd
$ ls
202499 ddhfvv
cd tlhc
$ ls
cd lbpmtft
$ ls
43196 lthlvv
cd cqh
$ ls
35483 djtchhmw
318895 sfqdbd
62778 twdpcn.rzg
cd btgrv
$ ls
cd hrbjmbf
$ ls
196766 crw.dht
cd npffrswd
$ ls
cd jjshzrhd
$ ls
161401 dsqqh.pqg
cd vwdqmtwf
$ ls
299604 qrdcnbt.wmh
cd jjshzrhd
$ ls
62584 dzfvzrf.tmc
255105 hwfh.tfd
cd lbvrm
$ ls
21599 tjfd.jzf
315782 wgdffcr
cd btgrv
$ ls
cd qjbhvdm
$ ls
115711 mjhcwn
cd pvnbdwjj
$ ls
156828 hrtbfww.gts
208415 vmmcdr
cd jjshzrhd
$ ls
131751 hwfh.tfd
cd znz
$ ls
150828 gpcpnwj.fzv
119331 hrtbfww.gts
263285 nntqssp.hqg
236806 vmmcdr
cd ddhfvv
$ ls
265355 ddhfvv.bpb
cd pwtbr
$ ls
212361 jjshzrhd.nmh
cd lwmbvsjj
$ ls
275264 bvbq.rdf
257257 fsql
210469 jmvchpn
57627 lrnhn
270278 vmmcdr
cd ddhfvv
$ ls
244640 nhdztzsg
cd vrqmtl
$ ls
123207 btgrv.qsg
152242 qsqt
259711 scvzvns.vvh
cd rrcnhbn
$ ls
cd jjshzrhd
$ ls
63581 btgrv.pbj
cd hqmlnpn
$ ls
240226 fdmchrth
39519 hvtvcdv
140559 hwfh.tfd
243880 lvcwjnzb.ptf
162576 rmqmd.wdt
cd djtchhmw
$ ls
33004 ddhfvv.ghw
cd dlqjbqbr
$ ls
cd fvhmzqc
$ ls
123279 fvhmzqc.qfp
cd brfl
$ ls
291222 djtchhmw.grj
102020 hghrcqfd.hpn
197538 hwfh.tfd
82351 qqq.cqf
254314 ztthgs
cd ccnlzrb
$ ls
cd rzmdmq
$ ls
265088 rqtm.zmv
cd cjtl
$ ls
107485 djtchhmw.phc
cd dfvt
$ ls
114165 dts.rlc
201057 frljlqzr.clp
cd ppshjv
$ ls
305733 djtchhmw.ntn
cd smprwhmg
$ ls
76792 ddhfvv
cd jjshzrhd
$ ls
19740 fvhmzqc
17490 mlzznrc.mst
cd lqgsw
$ ls
297439 crqjmhrb.grs
cd lsmccpj
$ ls
89758 btgrv.cpt
49280 ddhfvv.drt
275064 jjshzrhd.jzv
98597 nbscl.wvs
225844 vmmcdr
cd gclrgz
$ ls
63611 djtchhmw.vfn
156340 gbhsz
cd gnrztgj
$ ls
23195 btgrv
287815 fhthsd
cd ncwldt
$ ls
70881 vmwllc.fbf
cd wfw
$ ls
309325 ddhfvv.pqm
201372 fvhmzqc.rfl
143184 hghrcqfd.hpn
51325 vlq.wgr
cd fvhmzqc
$ ls
234497 ddhfvv.wlg
197961 fzbsr
cd fvhmzqc
$ ls
208299 bgpncvh.jhl
cd jsfbvwb
$ ls
175184 ddhfvv.tpq
85214 djtchhmw.btf
2012 ttbpmsg.mlb
cd nppp
$ ls
223933 wgdffcr
cd rscgvrdt
$ ls
207388 glgbngv.lcd
cd sdcbr
$ ls
277288 btgrv.phv
49684 ddhfvv
195222 dntzwh
206408 gfttdcnq
147023 hrtbfww.gts
cd frcj
$ ls
37309 ctpjbmh
54747 hwfh.tfd
151065 phvllpq.gvh
cd tcwpvrr
$ ls
63500 chsgcw.frm
113779 mgdqjg
177222 vzgpfpq.qln
cd ltwvvrv
$ ls
102472 vmmcdr
cd rbztmqjn
$ ls
216106 fnzwzdb.wrc
cd vfrtt
$ ls
186081 hwfh.tfd
cd ddhfvv
$ ls
28659 glfpm.hnp
274896 hrtbfww.gts
228636 zrn.ftn
cd lwblgr
$ ls
237410 djtchhmw.fjz
209100 hghrcqfd.hpn
317411 nsgtmddt.jvj
30033 pbhc.blz
8818 pwf.vjv
cd qmc
$ ls
249328 cwftvdws
41124 pwmzz
99884 qbvpslt
cd thwccb
$ ls
cd ddhfvv
$ ls
49107 fvhmzqc.slp
cd tmlwvtmc
$ ls
115288 gfdzqrb
248419 hrtbfww.gts
cd djtchhmw
$ ls
14211 qffwlmvm.fhp
67495 wwttgflg.rcl
cd tzbd
$ ls
278463 btgrv.ldc
cd ftrqt
$ ls
95545 ddhfvv
180375 hwfh.tfd
cd fvhmzqc
$ ls
161318 gtwj
cd jjshzrhd
$ ls
91626 prmznc.gwp
cd wltvrv
$ ls
299813 hrtbfww.gts
cd mzfq
$ ls
101218 jjshzrhd.nwz
200289 njwfbc.bhb
cd nhzz
$ ls
225881 hwfh.tfd
210133 mlb.wrt
cd zblsznh
$ ls
214252 hrtbfww.gts
250855 qbjphgwn.vvj
173807 wgdffcr
cd fvhmzqc
$ ls
cd djtchhmw
$ ls
cd sdrjlqqm
$ ls
91244 fvhmzqc
cd fsqdcwr
$ ls
cd ddhfvv
$ ls
199548 qwc
cd nhmhgzt
$ ls
106393 ddhfvv.sjg
cd pdhbd
$ ls
207023 hngmj.qls
cd jjshzrhd
$ ls
84955 vmmcdr
cd zljhz
$ ls
cd dmqmc
$ ls
cd djtchhmw
$ ls
166369 hrtbfww.gts
cd jnlgsgn
$ ls
289581 vrbqvt.bgn
cd mhtmt
$ ls
182104 hrtbfww.gts
285446 spgtjm.lhj
cd mqtmpht
$ ls
179017 bgfgtqr.snr
104624 jjshzrhd
314246 mhvzncnt.vjd
cd czqj
$ ls
69494 hft.fsp
cd gdc
$ ls
84423 bhqnfj.cts
cd tdpv
$ ls
274423 zzfsmdf
cd frgfgd
$ ls
205662 vmmcdr
cd sggm
$ ls
260269 wzpjsjnq.nvt
PartOne =1555642
totalFileSize=45349983
SizeRequiredForUpgrade=5349983
PartTwo = 5974547
